The system is: Darwin - 17.7.0 - x86_64
Compiling the C compiler identification source file "CMakeCCompilerId.c" succeeded.
Compiler:  
Build flags: 
Id flags:  

The output was:
0
note: Using new build system
note: Planning build
note: Constructing build description
Build system information
warning: Traditional headermap style is no longer supported; please migrate to using separate headermaps and set 'ALWAYS_SEARCH_USER_PATHS' to NO. (in target 'CompilerIdC')

CreateBuildDirectory /Users/Yuyang/Documents/programing/hpcEnv/mpi_cpp_examples/build/CMakeFiles/3.12.0/CompilerIdC (in target: CompilerIdC)
    cd /Users/Yuyang/Documents/programing/hpcEnv/mpi_cpp_examples/build/CMakeFiles/3.12.0/CompilerIdC
    builtin-create-build-directory /Users/Yuyang/Documents/programing/hpcEnv/mpi_cpp_examples/build/CMakeFiles/3.12.0/CompilerIdC

WriteAuxiliaryFile /Users/Yuyang/Documents/programing/hpcEnv/mpi_cpp_examples/build/CMakeFiles/3.12.0/CompilerIdC/CompilerIdC.build/Debug/CompilerIdC.build/CompilerIdC-own-target-headers.hmap (in target: CompilerIdC)
    cd /Users/Yuyang/Documents/programing/hpcEnv/mpi_cpp_examples/build/CMakeFiles/3.12.0/CompilerIdC
    write-file /Users/Yuyang/Documents/programing/hpcEnv/mpi_cpp_examples/build/CMakeFiles/3.12.0/CompilerIdC/CompilerIdC.build/Debug/CompilerIdC.build/CompilerIdC-own-target-headers.hmap

WriteAuxiliaryFile /Users/Yuyang/Documents/programing/hpcEnv/mpi_cpp_examples/build/CMakeFiles/3.12.0/CompilerIdC/CompilerIdC.build/Debug/CompilerIdC.build/CompilerIdC.hmap (in target: CompilerIdC)
    cd /Users/Yuyang/Documents/programing/hpcEnv/mpi_cpp_examples/build/CMakeFiles/3.12.0/CompilerIdC
    write-file /Users/Yuyang/Documents/programing/hpcEnv/mpi_cpp_examples/build/CMakeFiles/3.12.0/CompilerIdC/CompilerIdC.build/Debug/CompilerIdC.build/CompilerIdC.hmap

WriteAuxiliaryFile /Users/Yuyang/Documents/programing/hpcEnv/mpi_cpp_examples/build/CMakeFiles/3.12.0/CompilerIdC/CompilerIdC.build/Debug/CompilerIdC.build/CompilerIdC-project-headers.hmap (in target: CompilerIdC)
    cd /Users/Yuyang/Documents/programing/hpcEnv/mpi_cpp_examples/build/CMakeFiles/3.12.0/CompilerIdC
    write-file /Users/Yuyang/Documents/programing/hpcEnv/mpi_cpp_examples/build/CMakeFiles/3.12.0/CompilerIdC/CompilerIdC.build/Debug/CompilerIdC.build/CompilerIdC-project-headers.hmap

WriteAuxiliaryFile /Users/Yuyang/Documents/programing/hpcEnv/mpi_cpp_examples/build/CMakeFiles/3.12.0/CompilerIdC/CompilerIdC.build/Debug/CompilerIdC.build/all-product-headers.yaml (in target: CompilerIdC)
    cd /Users/Yuyang/Documents/programing/hpcEnv/mpi_cpp_examples/build/CMakeFiles/3.12.0/CompilerIdC
    write-file /Users/Yuyang/Documents/programing/hpcEnv/mpi_cpp_examples/build/CMakeFiles/3.12.0/CompilerIdC/CompilerIdC.build/Debug/CompilerIdC.build/all-product-headers.yaml

WriteAuxiliaryFile /Users/Yuyang/Documents/programing/hpcEnv/mpi_cpp_examples/build/CMakeFiles/3.12.0/CompilerIdC/CompilerIdC.build/Debug/CompilerIdC.build/CompilerIdC-generated-files.hmap (in target: CompilerIdC)
    cd /Users/Yuyang/Documents/programing/hpcEnv/mpi_cpp_examples/build/CMakeFiles/3.12.0/CompilerIdC
    write-file /Users/Yuyang/Documents/programing/hpcEnv/mpi_cpp_examples/build/CMakeFiles/3.12.0/CompilerIdC/CompilerIdC.build/Debug/CompilerIdC.build/CompilerIdC-generated-files.hmap

WriteAuxiliaryFile /Users/Yuyang/Documents/programing/hpcEnv/mpi_cpp_examples/build/CMakeFiles/3.12.0/CompilerIdC/CompilerIdC.build/Debug/CompilerIdC.build/CompilerIdC-all-target-headers.hmap (in target: CompilerIdC)
    cd /Users/Yuyang/Documents/programing/hpcEnv/mpi_cpp_examples/build/CMakeFiles/3.12.0/CompilerIdC
    write-file /Users/Yuyang/Documents/programing/hpcEnv/mpi_cpp_examples/build/CMakeFiles/3.12.0/CompilerIdC/CompilerIdC.build/Debug/CompilerIdC.build/CompilerIdC-all-target-headers.hmap

WriteAuxiliaryFile /Users/Yuyang/Documents/programing/hpcEnv/mpi_cpp_examples/build/CMakeFiles/3.12.0/CompilerIdC/CompilerIdC.build/Debug/CompilerIdC.build/CompilerIdC-all-non-framework-target-headers.hmap (in target: CompilerIdC)
    cd /Users/Yuyang/Documents/programing/hpcEnv/mpi_cpp_examples/build/CMakeFiles/3.12.0/CompilerIdC
    write-file /Users/Yuyang/Documents/programing/hpcEnv/mpi_cpp_examples/build/CMakeFiles/3.12.0/CompilerIdC/CompilerIdC.build/Debug/CompilerIdC.build/CompilerIdC-all-non-framework-target-headers.hmap

WriteAuxiliaryFile /Users/Yuyang/Documents/programing/hpcEnv/mpi_cpp_examples/build/CMakeFiles/3.12.0/CompilerIdC/CompilerIdC.build/Debug/CompilerIdC.build/Objects-normal/x86_64/CompilerIdC.LinkFileList (in target: CompilerIdC)
    cd /Users/Yuyang/Documents/programing/hpcEnv/mpi_cpp_examples/build/CMakeFiles/3.12.0/CompilerIdC
    write-file /Users/Yuyang/Documents/programing/hpcEnv/mpi_cpp_examples/build/CMakeFiles/3.12.0/CompilerIdC/CompilerIdC.build/Debug/CompilerIdC.build/Objects-normal/x86_64/CompilerIdC.LinkFileList

CompileC /Users/Yuyang/Documents/programing/hpcEnv/mpi_cpp_examples/build/CMakeFiles/3.12.0/CompilerIdC/CompilerIdC.build/Debug/CompilerIdC.build/Objects-normal/x86_64/CMakeCCompilerId.o /Users/Yuyang/Documents/programing/hpcEnv/mpi_cpp_examples/build/CMakeFiles/3.12.0/CompilerIdC/CMakeCCompilerId.c normal x86_64 c com.apple.compilers.llvm.clang.1_0.compiler (in target: CompilerIdC)
    cd /Users/Yuyang/Documents/programing/hpcEnv/mpi_cpp_examples/build/CMakeFiles/3.12.0/CompilerIdC
    export LANG=en_US.US-ASCII
    /usr/local/bin/clang-omp -x c -arch x86_64 -fmessage-length=0 -fdiagnostics-show-note-include-stack -fmacro-backtrace-limit=0 -Wno-trigraphs -fpascal-strings -Os -Wno-missing-field-initializers -Wno-missing-prototypes -Wno-return-type -Wno-missing-braces -Wparentheses -Wswitch -Wno-unused-function -Wno-unused-label -Wno-unused-parameter -Wno-unused-variable -Wunused-value -Wno-empty-body -Wno-uninitialized -Wno-unknown-pragmas -Wno-shadow -Wno-four-char-constants -Wno-conversion -Wno-constant-conversion -Wno-int-conversion -Wno-bool-conversion -Wno-enum-conversion -Wno-float-conversion -Wno-non-literal-null-conversion -Wno-objc-literal-conversion -Wno-shorten-64-to-32 -Wpointer-sign -Wno-newline-eof -isysroot /Applications/Xcode.app/Contents/Developer/Platforms/MacOSX.platform/Developer/SDKs/MacOSX10.14.sdk -fasm-blocks -fstrict-aliasing -Wdeprecated-declarations -mmacosx-version-min=10.13 -g -fvisibility=hidden -Wno-sign-conversion -Wno-infinite-recursion -Wno-comma -Wno-block-capture-autoreleasing -Wno-strict-prototypes -Wno-semicolon-before-method-body -iquote /Users/Yuyang/Documents/programing/hpcEnv/mpi_cpp_examples/build/CMakeFiles/3.12.0/CompilerIdC/CompilerIdC.build/Debug/CompilerIdC.build/CompilerIdC-generated-files.hmap -I/Users/Yuyang/Documents/programing/hpcEnv/mpi_cpp_examples/build/CMakeFiles/3.12.0/CompilerIdC/CompilerIdC.build/Debug/CompilerIdC.build/CompilerIdC-own-target-headers.hmap -I/Users/Yuyang/Documents/programing/hpcEnv/mpi_cpp_examples/build/CMakeFiles/3.12.0/CompilerIdC/CompilerIdC.build/Debug/CompilerIdC.build/CompilerIdC-all-target-headers.hmap -iquote /Users/Yuyang/Documents/programing/hpcEnv/mpi_cpp_examples/build/CMakeFiles/3.12.0/CompilerIdC/CompilerIdC.build/Debug/CompilerIdC.build/CompilerIdC-project-headers.hmap -I/Users/Yuyang/Documents/programing/hpcEnv/mpi_cpp_examples/build/CMakeFiles/3.12.0/CompilerIdC/include -I/Users/Yuyang/Documents/programing/hpcEnv/mpi_cpp_examples/build/CMakeFiles/3.12.0/CompilerIdC/CompilerIdC.build/Debug/CompilerIdC.build/DerivedSources/x86_64 -I/Users/Yuyang/Documents/programing/hpcEnv/mpi_cpp_examples/build/CMakeFiles/3.12.0/CompilerIdC/CompilerIdC.build/Debug/CompilerIdC.build/DerivedSources -F/Users/Yuyang/Documents/programing/hpcEnv/mpi_cpp_examples/build/CMakeFiles/3.12.0/CompilerIdC -MMD -MT dependencies -MF /Users/Yuyang/Documents/programing/hpcEnv/mpi_cpp_examples/build/CMakeFiles/3.12.0/CompilerIdC/CompilerIdC.build/Debug/CompilerIdC.build/Objects-normal/x86_64/CMakeCCompilerId.d --serialize-diagnostics /Users/Yuyang/Documents/programing/hpcEnv/mpi_cpp_examples/build/CMakeFiles/3.12.0/CompilerIdC/CompilerIdC.build/Debug/CompilerIdC.build/Objects-normal/x86_64/CMakeCCompilerId.dia -c /Users/Yuyang/Documents/programing/hpcEnv/mpi_cpp_examples/build/CMakeFiles/3.12.0/CompilerIdC/CMakeCCompilerId.c -o /Users/Yuyang/Documents/programing/hpcEnv/mpi_cpp_examples/build/CMakeFiles/3.12.0/CompilerIdC/CompilerIdC.build/Debug/CompilerIdC.build/Objects-normal/x86_64/CMakeCCompilerId.o

Ld /Users/Yuyang/Documents/programing/hpcEnv/mpi_cpp_examples/build/CMakeFiles/3.12.0/CompilerIdC/CompilerIdC normal x86_64 (in target: CompilerIdC)
    cd /Users/Yuyang/Documents/programing/hpcEnv/mpi_cpp_examples/build/CMakeFiles/3.12.0/CompilerIdC
    export MACOSX_DEPLOYMENT_TARGET=10.13
    /Applications/Xcode.app/Contents/Developer/Toolchains/XcodeDefault.xctoolchain/usr/bin/clang -arch x86_64 -isysroot /Applications/Xcode.app/Contents/Developer/Platforms/MacOSX.platform/Developer/SDKs/MacOSX10.14.sdk -L/Users/Yuyang/Documents/programing/hpcEnv/mpi_cpp_examples/build/CMakeFiles/3.12.0/CompilerIdC -F/Users/Yuyang/Documents/programing/hpcEnv/mpi_cpp_examples/build/CMakeFiles/3.12.0/CompilerIdC -filelist /Users/Yuyang/Documents/programing/hpcEnv/mpi_cpp_examples/build/CMakeFiles/3.12.0/CompilerIdC/CompilerIdC.build/Debug/CompilerIdC.build/Objects-normal/x86_64/CompilerIdC.LinkFileList -mmacosx-version-min=10.13 -Xlinker -object_path_lto -Xlinker /Users/Yuyang/Documents/programing/hpcEnv/mpi_cpp_examples/build/CMakeFiles/3.12.0/CompilerIdC/CompilerIdC.build/Debug/CompilerIdC.build/Objects-normal/x86_64/CompilerIdC_lto.o -Xlinker -dependency_info -Xlinker /Users/Yuyang/Documents/programing/hpcEnv/mpi_cpp_examples/build/CMakeFiles/3.12.0/CompilerIdC/CompilerIdC.build/Debug/CompilerIdC.build/Objects-normal/x86_64/CompilerIdC_dependency_info.dat -o /Users/Yuyang/Documents/programing/hpcEnv/mpi_cpp_examples/build/CMakeFiles/3.12.0/CompilerIdC/CompilerIdC

WriteAuxiliaryFile /Users/Yuyang/Documents/programing/hpcEnv/mpi_cpp_examples/build/CMakeFiles/3.12.0/CompilerIdC/CompilerIdC.build/Debug/CompilerIdC.build/Script-2C8FEB8E15DC1A1A00E56A5D.sh (in target: CompilerIdC)
    cd /Users/Yuyang/Documents/programing/hpcEnv/mpi_cpp_examples/build/CMakeFiles/3.12.0/CompilerIdC
    write-file /Users/Yuyang/Documents/programing/hpcEnv/mpi_cpp_examples/build/CMakeFiles/3.12.0/CompilerIdC/CompilerIdC.build/Debug/CompilerIdC.build/Script-2C8FEB8E15DC1A1A00E56A5D.sh

PhaseScriptExecution Run\ Script /Users/Yuyang/Documents/programing/hpcEnv/mpi_cpp_examples/build/CMakeFiles/3.12.0/CompilerIdC/CompilerIdC.build/Debug/CompilerIdC.build/Script-2C8FEB8E15DC1A1A00E56A5D.sh (in target: CompilerIdC)
    cd /Users/Yuyang/Documents/programing/hpcEnv/mpi_cpp_examples/build/CMakeFiles/3.12.0/CompilerIdC
    /bin/sh -c /Users/Yuyang/Documents/programing/hpcEnv/mpi_cpp_examples/build/CMakeFiles/3.12.0/CompilerIdC/CompilerIdC.build/Debug/CompilerIdC.build/Script-2C8FEB8E15DC1A1A00E56A5D.sh
GCC_VERSION=com.apple.compilers.llvm.clang.1_0
ARCHS=x86_64

** BUILD SUCCEEDED **



Compilation of the C compiler identification source "CMakeCCompilerId.c" produced "CompilerIdC"

The C compiler identification is Clang, found in "/Users/Yuyang/Documents/programing/hpcEnv/mpi_cpp_examples/build/CMakeFiles/3.12.0/CompilerIdC/CompilerIdC"

Compiling the CXX compiler identification source file "CMakeCXXCompilerId.cpp" succeeded.
Compiler:  
Build flags: 
Id flags:  

The output was:
0
note: Using new build system
note: Planning build
note: Constructing build description
Build system information
warning: Traditional headermap style is no longer supported; please migrate to using separate headermaps and set 'ALWAYS_SEARCH_USER_PATHS' to NO. (in target 'CompilerIdCXX')

CreateBuildDirectory /Users/Yuyang/Documents/programing/hpcEnv/mpi_cpp_examples/build/CMakeFiles/3.12.0/CompilerIdCXX (in target: CompilerIdCXX)
    cd /Users/Yuyang/Documents/programing/hpcEnv/mpi_cpp_examples/build/CMakeFiles/3.12.0/CompilerIdCXX
    builtin-create-build-directory /Users/Yuyang/Documents/programing/hpcEnv/mpi_cpp_examples/build/CMakeFiles/3.12.0/CompilerIdCXX

WriteAuxiliaryFile /Users/Yuyang/Documents/programing/hpcEnv/mpi_cpp_examples/build/CMakeFiles/3.12.0/CompilerIdCXX/CompilerIdCXX.build/Debug/CompilerIdCXX.build/CompilerIdCXX-project-headers.hmap (in target: CompilerIdCXX)
    cd /Users/Yuyang/Documents/programing/hpcEnv/mpi_cpp_examples/build/CMakeFiles/3.12.0/CompilerIdCXX
    write-file /Users/Yuyang/Documents/programing/hpcEnv/mpi_cpp_examples/build/CMakeFiles/3.12.0/CompilerIdCXX/CompilerIdCXX.build/Debug/CompilerIdCXX.build/CompilerIdCXX-project-headers.hmap

WriteAuxiliaryFile /Users/Yuyang/Documents/programing/hpcEnv/mpi_cpp_examples/build/CMakeFiles/3.12.0/CompilerIdCXX/CompilerIdCXX.build/Debug/CompilerIdCXX.build/all-product-headers.yaml (in target: CompilerIdCXX)
    cd /Users/Yuyang/Documents/programing/hpcEnv/mpi_cpp_examples/build/CMakeFiles/3.12.0/CompilerIdCXX
    write-file /Users/Yuyang/Documents/programing/hpcEnv/mpi_cpp_examples/build/CMakeFiles/3.12.0/CompilerIdCXX/CompilerIdCXX.build/Debug/CompilerIdCXX.build/all-product-headers.yaml

WriteAuxiliaryFile /Users/Yuyang/Documents/programing/hpcEnv/mpi_cpp_examples/build/CMakeFiles/3.12.0/CompilerIdCXX/CompilerIdCXX.build/Debug/CompilerIdCXX.build/CompilerIdCXX-own-target-headers.hmap (in target: CompilerIdCXX)
    cd /Users/Yuyang/Documents/programing/hpcEnv/mpi_cpp_examples/build/CMakeFiles/3.12.0/CompilerIdCXX
    write-file /Users/Yuyang/Documents/programing/hpcEnv/mpi_cpp_examples/build/CMakeFiles/3.12.0/CompilerIdCXX/CompilerIdCXX.build/Debug/CompilerIdCXX.build/CompilerIdCXX-own-target-headers.hmap

WriteAuxiliaryFile /Users/Yuyang/Documents/programing/hpcEnv/mpi_cpp_examples/build/CMakeFiles/3.12.0/CompilerIdCXX/CompilerIdCXX.build/Debug/CompilerIdCXX.build/CompilerIdCXX.hmap (in target: CompilerIdCXX)
    cd /Users/Yuyang/Documents/programing/hpcEnv/mpi_cpp_examples/build/CMakeFiles/3.12.0/CompilerIdCXX
    write-file /Users/Yuyang/Documents/programing/hpcEnv/mpi_cpp_examples/build/CMakeFiles/3.12.0/CompilerIdCXX/CompilerIdCXX.build/Debug/CompilerIdCXX.build/CompilerIdCXX.hmap

WriteAuxiliaryFile /Users/Yuyang/Documents/programing/hpcEnv/mpi_cpp_examples/build/CMakeFiles/3.12.0/CompilerIdCXX/CompilerIdCXX.build/Debug/CompilerIdCXX.build/CompilerIdCXX-generated-files.hmap (in target: CompilerIdCXX)
    cd /Users/Yuyang/Documents/programing/hpcEnv/mpi_cpp_examples/build/CMakeFiles/3.12.0/CompilerIdCXX
    write-file /Users/Yuyang/Documents/programing/hpcEnv/mpi_cpp_examples/build/CMakeFiles/3.12.0/CompilerIdCXX/CompilerIdCXX.build/Debug/CompilerIdCXX.build/CompilerIdCXX-generated-files.hmap

WriteAuxiliaryFile /Users/Yuyang/Documents/programing/hpcEnv/mpi_cpp_examples/build/CMakeFiles/3.12.0/CompilerIdCXX/CompilerIdCXX.build/Debug/CompilerIdCXX.build/CompilerIdCXX-all-target-headers.hmap (in target: CompilerIdCXX)
    cd /Users/Yuyang/Documents/programing/hpcEnv/mpi_cpp_examples/build/CMakeFiles/3.12.0/CompilerIdCXX
    write-file /Users/Yuyang/Documents/programing/hpcEnv/mpi_cpp_examples/build/CMakeFiles/3.12.0/CompilerIdCXX/CompilerIdCXX.build/Debug/CompilerIdCXX.build/CompilerIdCXX-all-target-headers.hmap

WriteAuxiliaryFile /Users/Yuyang/Documents/programing/hpcEnv/mpi_cpp_examples/build/CMakeFiles/3.12.0/CompilerIdCXX/CompilerIdCXX.build/Debug/CompilerIdCXX.build/CompilerIdCXX-all-non-framework-target-headers.hmap (in target: CompilerIdCXX)
    cd /Users/Yuyang/Documents/programing/hpcEnv/mpi_cpp_examples/build/CMakeFiles/3.12.0/CompilerIdCXX
    write-file /Users/Yuyang/Documents/programing/hpcEnv/mpi_cpp_examples/build/CMakeFiles/3.12.0/CompilerIdCXX/CompilerIdCXX.build/Debug/CompilerIdCXX.build/CompilerIdCXX-all-non-framework-target-headers.hmap

WriteAuxiliaryFile /Users/Yuyang/Documents/programing/hpcEnv/mpi_cpp_examples/build/CMakeFiles/3.12.0/CompilerIdCXX/CompilerIdCXX.build/Debug/CompilerIdCXX.build/Objects-normal/x86_64/CompilerIdCXX.LinkFileList (in target: CompilerIdCXX)
    cd /Users/Yuyang/Documents/programing/hpcEnv/mpi_cpp_examples/build/CMakeFiles/3.12.0/CompilerIdCXX
    write-file /Users/Yuyang/Documents/programing/hpcEnv/mpi_cpp_examples/build/CMakeFiles/3.12.0/CompilerIdCXX/CompilerIdCXX.build/Debug/CompilerIdCXX.build/Objects-normal/x86_64/CompilerIdCXX.LinkFileList

CompileC /Users/Yuyang/Documents/programing/hpcEnv/mpi_cpp_examples/build/CMakeFiles/3.12.0/CompilerIdCXX/CompilerIdCXX.build/Debug/CompilerIdCXX.build/Objects-normal/x86_64/CMakeCXXCompilerId.o /Users/Yuyang/Documents/programing/hpcEnv/mpi_cpp_examples/build/CMakeFiles/3.12.0/CompilerIdCXX/CMakeCXXCompilerId.cpp normal x86_64 c++ com.apple.compilers.llvm.clang.1_0.compiler (in target: CompilerIdCXX)
    cd /Users/Yuyang/Documents/programing/hpcEnv/mpi_cpp_examples/build/CMakeFiles/3.12.0/CompilerIdCXX
    export LANG=en_US.US-ASCII
    /usr/local/bin/clang-omp -x c++ -arch x86_64 -fmessage-length=0 -fdiagnostics-show-note-include-stack -fmacro-backtrace-limit=0 -Wno-trigraphs -fpascal-strings -Os -Wno-missing-field-initializers -Wno-missing-prototypes -Wno-return-type -Wno-non-virtual-dtor -Wno-overloaded-virtual -Wno-exit-time-destructors -Wno-missing-braces -Wparentheses -Wswitch -Wno-unused-function -Wno-unused-label -Wno-unused-parameter -Wno-unused-variable -Wunused-value -Wno-empty-body -Wno-uninitialized -Wno-unknown-pragmas -Wno-shadow -Wno-four-char-constants -Wno-conversion -Wno-constant-conversion -Wno-int-conversion -Wno-bool-conversion -Wno-enum-conversion -Wno-float-conversion -Wno-non-literal-null-conversion -Wno-objc-literal-conversion -Wno-shorten-64-to-32 -Wno-newline-eof -Wno-c++11-extensions -isysroot /Applications/Xcode.app/Contents/Developer/Platforms/MacOSX.platform/Developer/SDKs/MacOSX10.14.sdk -fasm-blocks -fstrict-aliasing -Wdeprecated-declarations -Winvalid-offsetof -mmacosx-version-min=10.13 -g -fvisibility=hidden -fvisibility-inlines-hidden -Wno-sign-conversion -Wno-infinite-recursion -Wno-move -Wno-comma -Wno-block-capture-autoreleasing -Wno-strict-prototypes -Wno-range-loop-analysis -Wno-semicolon-before-method-body -iquote /Users/Yuyang/Documents/programing/hpcEnv/mpi_cpp_examples/build/CMakeFiles/3.12.0/CompilerIdCXX/CompilerIdCXX.build/Debug/CompilerIdCXX.build/CompilerIdCXX-generated-files.hmap -I/Users/Yuyang/Documents/programing/hpcEnv/mpi_cpp_examples/build/CMakeFiles/3.12.0/CompilerIdCXX/CompilerIdCXX.build/Debug/CompilerIdCXX.build/CompilerIdCXX-own-target-headers.hmap -I/Users/Yuyang/Documents/programing/hpcEnv/mpi_cpp_examples/build/CMakeFiles/3.12.0/CompilerIdCXX/CompilerIdCXX.build/Debug/CompilerIdCXX.build/CompilerIdCXX-all-target-headers.hmap -iquote /Users/Yuyang/Documents/programing/hpcEnv/mpi_cpp_examples/build/CMakeFiles/3.12.0/CompilerIdCXX/CompilerIdCXX.build/Debug/CompilerIdCXX.build/CompilerIdCXX-project-headers.hmap -I/Users/Yuyang/Documents/programing/hpcEnv/mpi_cpp_examples/build/CMakeFiles/3.12.0/CompilerIdCXX/include -I/Users/Yuyang/Documents/programing/hpcEnv/mpi_cpp_examples/build/CMakeFiles/3.12.0/CompilerIdCXX/CompilerIdCXX.build/Debug/CompilerIdCXX.build/DerivedSources/x86_64 -I/Users/Yuyang/Documents/programing/hpcEnv/mpi_cpp_examples/build/CMakeFiles/3.12.0/CompilerIdCXX/CompilerIdCXX.build/Debug/CompilerIdCXX.build/DerivedSources -F/Users/Yuyang/Documents/programing/hpcEnv/mpi_cpp_examples/build/CMakeFiles/3.12.0/CompilerIdCXX -MMD -MT dependencies -MF /Users/Yuyang/Documents/programing/hpcEnv/mpi_cpp_examples/build/CMakeFiles/3.12.0/CompilerIdCXX/CompilerIdCXX.build/Debug/CompilerIdCXX.build/Objects-normal/x86_64/CMakeCXXCompilerId.d --serialize-diagnostics /Users/Yuyang/Documents/programing/hpcEnv/mpi_cpp_examples/build/CMakeFiles/3.12.0/CompilerIdCXX/CompilerIdCXX.build/Debug/CompilerIdCXX.build/Objects-normal/x86_64/CMakeCXXCompilerId.dia -c /Users/Yuyang/Documents/programing/hpcEnv/mpi_cpp_examples/build/CMakeFiles/3.12.0/CompilerIdCXX/CMakeCXXCompilerId.cpp -o /Users/Yuyang/Documents/programing/hpcEnv/mpi_cpp_examples/build/CMakeFiles/3.12.0/CompilerIdCXX/CompilerIdCXX.build/Debug/CompilerIdCXX.build/Objects-normal/x86_64/CMakeCXXCompilerId.o

Ld /Users/Yuyang/Documents/programing/hpcEnv/mpi_cpp_examples/build/CMakeFiles/3.12.0/CompilerIdCXX/CompilerIdCXX normal x86_64 (in target: CompilerIdCXX)
    cd /Users/Yuyang/Documents/programing/hpcEnv/mpi_cpp_examples/build/CMakeFiles/3.12.0/CompilerIdCXX
    export MACOSX_DEPLOYMENT_TARGET=10.13
    /Applications/Xcode.app/Contents/Developer/Toolchains/XcodeDefault.xctoolchain/usr/bin/clang++ -arch x86_64 -isysroot /Applications/Xcode.app/Contents/Developer/Platforms/MacOSX.platform/Developer/SDKs/MacOSX10.14.sdk -L/Users/Yuyang/Documents/programing/hpcEnv/mpi_cpp_examples/build/CMakeFiles/3.12.0/CompilerIdCXX -F/Users/Yuyang/Documents/programing/hpcEnv/mpi_cpp_examples/build/CMakeFiles/3.12.0/CompilerIdCXX -filelist /Users/Yuyang/Documents/programing/hpcEnv/mpi_cpp_examples/build/CMakeFiles/3.12.0/CompilerIdCXX/CompilerIdCXX.build/Debug/CompilerIdCXX.build/Objects-normal/x86_64/CompilerIdCXX.LinkFileList -mmacosx-version-min=10.13 -Xlinker -object_path_lto -Xlinker /Users/Yuyang/Documents/programing/hpcEnv/mpi_cpp_examples/build/CMakeFiles/3.12.0/CompilerIdCXX/CompilerIdCXX.build/Debug/CompilerIdCXX.build/Objects-normal/x86_64/CompilerIdCXX_lto.o -Xlinker -dependency_info -Xlinker /Users/Yuyang/Documents/programing/hpcEnv/mpi_cpp_examples/build/CMakeFiles/3.12.0/CompilerIdCXX/CompilerIdCXX.build/Debug/CompilerIdCXX.build/Objects-normal/x86_64/CompilerIdCXX_dependency_info.dat -o /Users/Yuyang/Documents/programing/hpcEnv/mpi_cpp_examples/build/CMakeFiles/3.12.0/CompilerIdCXX/CompilerIdCXX

WriteAuxiliaryFile /Users/Yuyang/Documents/programing/hpcEnv/mpi_cpp_examples/build/CMakeFiles/3.12.0/CompilerIdCXX/CompilerIdCXX.build/Debug/CompilerIdCXX.build/Script-2C8FEB8E15DC1A1A00E56A5D.sh (in target: CompilerIdCXX)
    cd /Users/Yuyang/Documents/programing/hpcEnv/mpi_cpp_examples/build/CMakeFiles/3.12.0/CompilerIdCXX
    write-file /Users/Yuyang/Documents/programing/hpcEnv/mpi_cpp_examples/build/CMakeFiles/3.12.0/CompilerIdCXX/CompilerIdCXX.build/Debug/CompilerIdCXX.build/Script-2C8FEB8E15DC1A1A00E56A5D.sh

PhaseScriptExecution Run\ Script /Users/Yuyang/Documents/programing/hpcEnv/mpi_cpp_examples/build/CMakeFiles/3.12.0/CompilerIdCXX/CompilerIdCXX.build/Debug/CompilerIdCXX.build/Script-2C8FEB8E15DC1A1A00E56A5D.sh (in target: CompilerIdCXX)
    cd /Users/Yuyang/Documents/programing/hpcEnv/mpi_cpp_examples/build/CMakeFiles/3.12.0/CompilerIdCXX
    /bin/sh -c /Users/Yuyang/Documents/programing/hpcEnv/mpi_cpp_examples/build/CMakeFiles/3.12.0/CompilerIdCXX/CompilerIdCXX.build/Debug/CompilerIdCXX.build/Script-2C8FEB8E15DC1A1A00E56A5D.sh
GCC_VERSION=com.apple.compilers.llvm.clang.1_0
ARCHS=x86_64

** BUILD SUCCEEDED **



Compilation of the CXX compiler identification source "CMakeCXXCompilerId.cpp" produced "CompilerIdCXX"

The CXX compiler identification is Clang, found in "/Users/Yuyang/Documents/programing/hpcEnv/mpi_cpp_examples/build/CMakeFiles/3.12.0/CompilerIdCXX/CompilerIdCXX"

Determining if the C compiler works passed with the following output:
Change Dir: /Users/Yuyang/Documents/programing/hpcEnv/mpi_cpp_examples/build/CMakeFiles/CMakeTmp

Run Build Command:"/usr/bin/xcodebuild" "-project" "CMAKE_TRY_COMPILE.xcodeproj" "build" "-target" "cmTC_5452b" "-configuration" "Debug"
Prepare build
note: Using legacy build system

=== BUILD TARGET cmTC_5452b OF PROJECT CMAKE_TRY_COMPILE WITH CONFIGURATION Debug ===

Check dependencies

Write auxiliary files
/bin/mkdir -p /Users/Yuyang/Documents/programing/hpcEnv/mpi_cpp_examples/build/CMakeFiles/CMakeTmp/CMAKE_TRY_COMPILE.build/Debug/cmTC_5452b.build/Objects-normal/x86_64
write-file /Users/Yuyang/Documents/programing/hpcEnv/mpi_cpp_examples/build/CMakeFiles/CMakeTmp/CMAKE_TRY_COMPILE.build/Debug/cmTC_5452b.build/Objects-normal/x86_64/cmTC_5452b.LinkFileList

CompileC CMAKE_TRY_COMPILE.build/Debug/cmTC_5452b.build/Objects-normal/x86_64/testCCompiler.o testCCompiler.c normal x86_64 c com.apple.compilers.llvm.clang.1_0.compiler
    cd /Users/Yuyang/Documents/programing/hpcEnv/mpi_cpp_examples/build/CMakeFiles/CMakeTmp
    export LANG=en_US.US-ASCII
    /usr/local/bin/clang-omp -x c -arch x86_64 -fmessage-length=0 -fdiagnostics-show-note-include-stack -fmacro-backtrace-limit=0 -Wno-trigraphs -fpascal-strings -O0 -Wno-missing-field-initializers -Wno-missing-prototypes -Wno-return-type -Wno-missing-braces -Wparentheses -Wswitch -Wno-unused-function -Wno-unused-label -Wno-unused-parameter -Wno-unused-variable -Wunused-value -Wno-empty-body -Wno-uninitialized -Wno-unknown-pragmas -Wno-shadow -Wno-four-char-constants -Wno-conversion -Wno-constant-conversion -Wno-int-conversion -Wno-bool-conversion -Wno-enum-conversion -Wno-float-conversion -Wno-non-literal-null-conversion -Wno-objc-literal-conversion -Wno-shorten-64-to-32 -Wpointer-sign -Wno-newline-eof -DCMAKE_INTDIR=\"Debug\" -isysroot /Applications/Xcode.app/Contents/Developer/Platforms/MacOSX.platform/Developer/SDKs/MacOSX10.14.sdk -fasm-blocks -fstrict-aliasing -Wdeprecated-declarations -mmacosx-version-min=10.13 -g -Wno-sign-conversion -Wno-infinite-recursion -Wno-comma -Wno-block-capture-autoreleasing -Wno-strict-prototypes -Wno-semicolon-before-method-body -I/Users/Yuyang/Documents/programing/hpcEnv/mpi_cpp_examples/build/CMakeFiles/CMakeTmp/Debug/include -I/Users/Yuyang/Documents/programing/hpcEnv/mpi_cpp_examples/build/CMakeFiles/CMakeTmp/CMAKE_TRY_COMPILE.build/Debug/cmTC_5452b.build/DerivedSources/x86_64 -I/Users/Yuyang/Documents/programing/hpcEnv/mpi_cpp_examples/build/CMakeFiles/CMakeTmp/CMAKE_TRY_COMPILE.build/Debug/cmTC_5452b.build/DerivedSources -Wmost -Wno-four-char-constants -Wno-unknown-pragmas -F/Users/Yuyang/Documents/programing/hpcEnv/mpi_cpp_examples/build/CMakeFiles/CMakeTmp/Debug -MMD -MT dependencies -MF /Users/Yuyang/Documents/programing/hpcEnv/mpi_cpp_examples/build/CMakeFiles/CMakeTmp/CMAKE_TRY_COMPILE.build/Debug/cmTC_5452b.build/Objects-normal/x86_64/testCCompiler.d --serialize-diagnostics /Users/Yuyang/Documents/programing/hpcEnv/mpi_cpp_examples/build/CMakeFiles/CMakeTmp/CMAKE_TRY_COMPILE.build/Debug/cmTC_5452b.build/Objects-normal/x86_64/testCCompiler.dia -c /Users/Yuyang/Documents/programing/hpcEnv/mpi_cpp_examples/build/CMakeFiles/CMakeTmp/testCCompiler.c -o /Users/Yuyang/Documents/programing/hpcEnv/mpi_cpp_examples/build/CMakeFiles/CMakeTmp/CMAKE_TRY_COMPILE.build/Debug/cmTC_5452b.build/Objects-normal/x86_64/testCCompiler.o

Ld Debug/cmTC_5452b normal x86_64
    cd /Users/Yuyang/Documents/programing/hpcEnv/mpi_cpp_examples/build/CMakeFiles/CMakeTmp
    export MACOSX_DEPLOYMENT_TARGET=10.13
    /usr/local/bin/clang-omp -arch x86_64 -isysroot /Applications/Xcode.app/Contents/Developer/Platforms/MacOSX.platform/Developer/SDKs/MacOSX10.14.sdk -L/Users/Yuyang/Documents/programing/hpcEnv/mpi_cpp_examples/build/CMakeFiles/CMakeTmp/Debug -F/Users/Yuyang/Documents/programing/hpcEnv/mpi_cpp_examples/build/CMakeFiles/CMakeTmp/Debug -filelist /Users/Yuyang/Documents/programing/hpcEnv/mpi_cpp_examples/build/CMakeFiles/CMakeTmp/CMAKE_TRY_COMPILE.build/Debug/cmTC_5452b.build/Objects-normal/x86_64/cmTC_5452b.LinkFileList -mmacosx-version-min=10.13 -Xlinker -object_path_lto -Xlinker /Users/Yuyang/Documents/programing/hpcEnv/mpi_cpp_examples/build/CMakeFiles/CMakeTmp/CMAKE_TRY_COMPILE.build/Debug/cmTC_5452b.build/Objects-normal/x86_64/cmTC_5452b_lto.o -Xlinker -no_deduplicate -Wl,-search_paths_first -Wl,-headerpad_max_install_names -Xlinker -dependency_info -Xlinker /Users/Yuyang/Documents/programing/hpcEnv/mpi_cpp_examples/build/CMakeFiles/CMakeTmp/CMAKE_TRY_COMPILE.build/Debug/cmTC_5452b.build/Objects-normal/x86_64/cmTC_5452b_dependency_info.dat -o /Users/Yuyang/Documents/programing/hpcEnv/mpi_cpp_examples/build/CMakeFiles/CMakeTmp/Debug/cmTC_5452b

** BUILD SUCCEEDED **



Detecting C compiler ABI info compiled with the following output:
Change Dir: /Users/Yuyang/Documents/programing/hpcEnv/mpi_cpp_examples/build/CMakeFiles/CMakeTmp

Run Build Command:"/usr/bin/xcodebuild" "-project" "CMAKE_TRY_COMPILE.xcodeproj" "build" "-target" "cmTC_12594" "-configuration" "Debug"
Prepare build
note: Using legacy build system

=== BUILD TARGET cmTC_12594 OF PROJECT CMAKE_TRY_COMPILE WITH CONFIGURATION Debug ===

Check dependencies

Write auxiliary files
/bin/mkdir -p /Users/Yuyang/Documents/programing/hpcEnv/mpi_cpp_examples/build/CMakeFiles/CMakeTmp/CMAKE_TRY_COMPILE.build/Debug/cmTC_12594.build/Objects-normal/x86_64
write-file /Users/Yuyang/Documents/programing/hpcEnv/mpi_cpp_examples/build/CMakeFiles/CMakeTmp/CMAKE_TRY_COMPILE.build/Debug/cmTC_12594.build/Objects-normal/x86_64/cmTC_12594.LinkFileList

CompileC CMAKE_TRY_COMPILE.build/Debug/cmTC_12594.build/Objects-normal/x86_64/CMakeCCompilerABI.o /usr/local/Cellar/cmake/3.12.0/share/cmake/Modules/CMakeCCompilerABI.c normal x86_64 c com.apple.compilers.llvm.clang.1_0.compiler
    cd /Users/Yuyang/Documents/programing/hpcEnv/mpi_cpp_examples/build/CMakeFiles/CMakeTmp
    export LANG=en_US.US-ASCII
    /usr/local/bin/clang-omp -x c -arch x86_64 -fmessage-length=0 -fdiagnostics-show-note-include-stack -fmacro-backtrace-limit=0 -Wno-trigraphs -fpascal-strings -O0 -Wno-missing-field-initializers -Wno-missing-prototypes -Wno-return-type -Wno-missing-braces -Wparentheses -Wswitch -Wno-unused-function -Wno-unused-label -Wno-unused-parameter -Wno-unused-variable -Wunused-value -Wno-empty-body -Wno-uninitialized -Wno-unknown-pragmas -Wno-shadow -Wno-four-char-constants -Wno-conversion -Wno-constant-conversion -Wno-int-conversion -Wno-bool-conversion -Wno-enum-conversion -Wno-float-conversion -Wno-non-literal-null-conversion -Wno-objc-literal-conversion -Wno-shorten-64-to-32 -Wpointer-sign -Wno-newline-eof -DCMAKE_INTDIR=\"Debug\" -isysroot /Applications/Xcode.app/Contents/Developer/Platforms/MacOSX.platform/Developer/SDKs/MacOSX10.14.sdk -fasm-blocks -fstrict-aliasing -Wdeprecated-declarations -mmacosx-version-min=10.13 -g -Wno-sign-conversion -Wno-infinite-recursion -Wno-comma -Wno-block-capture-autoreleasing -Wno-strict-prototypes -Wno-semicolon-before-method-body -I/Users/Yuyang/Documents/programing/hpcEnv/mpi_cpp_examples/build/CMakeFiles/CMakeTmp/Debug/include -I/Users/Yuyang/Documents/programing/hpcEnv/mpi_cpp_examples/build/CMakeFiles/CMakeTmp/CMAKE_TRY_COMPILE.build/Debug/cmTC_12594.build/DerivedSources/x86_64 -I/Users/Yuyang/Documents/programing/hpcEnv/mpi_cpp_examples/build/CMakeFiles/CMakeTmp/CMAKE_TRY_COMPILE.build/Debug/cmTC_12594.build/DerivedSources -Wmost -Wno-four-char-constants -Wno-unknown-pragmas -F/Users/Yuyang/Documents/programing/hpcEnv/mpi_cpp_examples/build/CMakeFiles/CMakeTmp/Debug -MMD -MT dependencies -MF /Users/Yuyang/Documents/programing/hpcEnv/mpi_cpp_examples/build/CMakeFiles/CMakeTmp/CMAKE_TRY_COMPILE.build/Debug/cmTC_12594.build/Objects-normal/x86_64/CMakeCCompilerABI.d --serialize-diagnostics /Users/Yuyang/Documents/programing/hpcEnv/mpi_cpp_examples/build/CMakeFiles/CMakeTmp/CMAKE_TRY_COMPILE.build/Debug/cmTC_12594.build/Objects-normal/x86_64/CMakeCCompilerABI.dia -c /usr/local/Cellar/cmake/3.12.0/share/cmake/Modules/CMakeCCompilerABI.c -o /Users/Yuyang/Documents/programing/hpcEnv/mpi_cpp_examples/build/CMakeFiles/CMakeTmp/CMAKE_TRY_COMPILE.build/Debug/cmTC_12594.build/Objects-normal/x86_64/CMakeCCompilerABI.o

Ld Debug/cmTC_12594 normal x86_64
    cd /Users/Yuyang/Documents/programing/hpcEnv/mpi_cpp_examples/build/CMakeFiles/CMakeTmp
    export MACOSX_DEPLOYMENT_TARGET=10.13
    /usr/local/bin/clang-omp -arch x86_64 -isysroot /Applications/Xcode.app/Contents/Developer/Platforms/MacOSX.platform/Developer/SDKs/MacOSX10.14.sdk -L/Users/Yuyang/Documents/programing/hpcEnv/mpi_cpp_examples/build/CMakeFiles/CMakeTmp/Debug -F/Users/Yuyang/Documents/programing/hpcEnv/mpi_cpp_examples/build/CMakeFiles/CMakeTmp/Debug -filelist /Users/Yuyang/Documents/programing/hpcEnv/mpi_cpp_examples/build/CMakeFiles/CMakeTmp/CMAKE_TRY_COMPILE.build/Debug/cmTC_12594.build/Objects-normal/x86_64/cmTC_12594.LinkFileList -mmacosx-version-min=10.13 -Xlinker -object_path_lto -Xlinker /Users/Yuyang/Documents/programing/hpcEnv/mpi_cpp_examples/build/CMakeFiles/CMakeTmp/CMAKE_TRY_COMPILE.build/Debug/cmTC_12594.build/Objects-normal/x86_64/cmTC_12594_lto.o -Xlinker -no_deduplicate -v -Wl,-v -Wl,-search_paths_first -Wl,-headerpad_max_install_names -Xlinker -dependency_info -Xlinker /Users/Yuyang/Documents/programing/hpcEnv/mpi_cpp_examples/build/CMakeFiles/CMakeTmp/CMAKE_TRY_COMPILE.build/Debug/cmTC_12594.build/Objects-normal/x86_64/cmTC_12594_dependency_info.dat -o /Users/Yuyang/Documents/programing/hpcEnv/mpi_cpp_examples/build/CMakeFiles/CMakeTmp/Debug/cmTC_12594
clang version 6.0.1 (tags/RELEASE_601/final)
Target: x86_64-apple-darwin17.7.0
Thread model: posix
InstalledDir: /usr/local/bin
 "/Applications/Xcode.app/Contents/Developer/Toolchains/XcodeDefault.xctoolchain/usr/bin/ld" -demangle -lto_library /usr/local/Cellar/llvm/6.0.1/lib/libLTO.dylib -dynamic -arch x86_64 -macosx_version_min 10.13.0 -syslibroot /Applications/Xcode.app/Contents/Developer/Platforms/MacOSX.platform/Developer/SDKs/MacOSX10.14.sdk -o /Users/Yuyang/Documents/programing/hpcEnv/mpi_cpp_examples/build/CMakeFiles/CMakeTmp/Debug/cmTC_12594 -L/Users/Yuyang/Documents/programing/hpcEnv/mpi_cpp_examples/build/CMakeFiles/CMakeTmp/Debug -filelist /Users/Yuyang/Documents/programing/hpcEnv/mpi_cpp_examples/build/CMakeFiles/CMakeTmp/CMAKE_TRY_COMPILE.build/Debug/cmTC_12594.build/Objects-normal/x86_64/cmTC_12594.LinkFileList -object_path_lto /Users/Yuyang/Documents/programing/hpcEnv/mpi_cpp_examples/build/CMakeFiles/CMakeTmp/CMAKE_TRY_COMPILE.build/Debug/cmTC_12594.build/Objects-normal/x86_64/cmTC_12594_lto.o -no_deduplicate -v -search_paths_first -headerpad_max_install_names -dependency_info /Users/Yuyang/Documents/programing/hpcEnv/mpi_cpp_examples/build/CMakeFiles/CMakeTmp/CMAKE_TRY_COMPILE.build/Debug/cmTC_12594.build/Objects-normal/x86_64/cmTC_12594_dependency_info.dat -lSystem /usr/local/Cellar/llvm/6.0.1/lib/clang/6.0.1/lib/darwin/libclang_rt.osx.a -F/Users/Yuyang/Documents/programing/hpcEnv/mpi_cpp_examples/build/CMakeFiles/CMakeTmp/Debug
@(#)PROGRAM:ld  PROJECT:ld64-409.12
BUILD 02:04:28 Aug 14 2018
configured to support archs: armv6 armv7 armv7s arm64 i386 x86_64 x86_64h armv6m armv7k armv7m armv7em arm64e arm64_32
Library search paths:
	/Users/Yuyang/Documents/programing/hpcEnv/mpi_cpp_examples/build/CMakeFiles/CMakeTmp/Debug
	/Applications/Xcode.app/Contents/Developer/Platforms/MacOSX.platform/Developer/SDKs/MacOSX10.14.sdk/usr/lib
Framework search paths:
	/Users/Yuyang/Documents/programing/hpcEnv/mpi_cpp_examples/build/CMakeFiles/CMakeTmp/Debug
	/Applications/Xcode.app/Contents/Developer/Platforms/MacOSX.platform/Developer/SDKs/MacOSX10.14.sdk/System/Library/Frameworks/

** BUILD SUCCEEDED **



Parsed C implicit link information from above output:
  link line regex: [^( *|.*[/\])(ld|CMAKE_LINK_STARTFILE-NOTFOUND|([^/\]+-)?ld|collect2)[^/\]*( |$)]
  ignore line: [Change Dir: /Users/Yuyang/Documents/programing/hpcEnv/mpi_cpp_examples/build/CMakeFiles/CMakeTmp]
  ignore line: []
  ignore line: [Run Build Command:"/usr/bin/xcodebuild" "-project" "CMAKE_TRY_COMPILE.xcodeproj" "build" "-target" "cmTC_12594" "-configuration" "Debug"]
  ignore line: [Prepare build]
  ignore line: [note: Using legacy build system]
  ignore line: []
  ignore line: [=== BUILD TARGET cmTC_12594 OF PROJECT CMAKE_TRY_COMPILE WITH CONFIGURATION Debug ===]
  ignore line: []
  ignore line: [Check dependencies]
  ignore line: []
  ignore line: [Write auxiliary files]
  ignore line: [/bin/mkdir -p /Users/Yuyang/Documents/programing/hpcEnv/mpi_cpp_examples/build/CMakeFiles/CMakeTmp/CMAKE_TRY_COMPILE.build/Debug/cmTC_12594.build/Objects-normal/x86_64]
  ignore line: [write-file /Users/Yuyang/Documents/programing/hpcEnv/mpi_cpp_examples/build/CMakeFiles/CMakeTmp/CMAKE_TRY_COMPILE.build/Debug/cmTC_12594.build/Objects-normal/x86_64/cmTC_12594.LinkFileList]
  ignore line: []
  ignore line: [CompileC CMAKE_TRY_COMPILE.build/Debug/cmTC_12594.build/Objects-normal/x86_64/CMakeCCompilerABI.o /usr/local/Cellar/cmake/3.12.0/share/cmake/Modules/CMakeCCompilerABI.c normal x86_64 c com.apple.compilers.llvm.clang.1_0.compiler]
  ignore line: [    cd /Users/Yuyang/Documents/programing/hpcEnv/mpi_cpp_examples/build/CMakeFiles/CMakeTmp]
  ignore line: [    export LANG=en_US.US-ASCII]
  ignore line: [    /usr/local/bin/clang-omp -x c -arch x86_64 -fmessage-length=0 -fdiagnostics-show-note-include-stack -fmacro-backtrace-limit=0 -Wno-trigraphs -fpascal-strings -O0 -Wno-missing-field-initializers -Wno-missing-prototypes -Wno-return-type -Wno-missing-braces -Wparentheses -Wswitch -Wno-unused-function -Wno-unused-label -Wno-unused-parameter -Wno-unused-variable -Wunused-value -Wno-empty-body -Wno-uninitialized -Wno-unknown-pragmas -Wno-shadow -Wno-four-char-constants -Wno-conversion -Wno-constant-conversion -Wno-int-conversion -Wno-bool-conversion -Wno-enum-conversion -Wno-float-conversion -Wno-non-literal-null-conversion -Wno-objc-literal-conversion -Wno-shorten-64-to-32 -Wpointer-sign -Wno-newline-eof -DCMAKE_INTDIR=\"Debug\" -isysroot /Applications/Xcode.app/Contents/Developer/Platforms/MacOSX.platform/Developer/SDKs/MacOSX10.14.sdk -fasm-blocks -fstrict-aliasing -Wdeprecated-declarations -mmacosx-version-min=10.13 -g -Wno-sign-conversion -Wno-infinite-recursion -Wno-comma -Wno-block-capture-autoreleasing -Wno-strict-prototypes -Wno-semicolon-before-method-body -I/Users/Yuyang/Documents/programing/hpcEnv/mpi_cpp_examples/build/CMakeFiles/CMakeTmp/Debug/include -I/Users/Yuyang/Documents/programing/hpcEnv/mpi_cpp_examples/build/CMakeFiles/CMakeTmp/CMAKE_TRY_COMPILE.build/Debug/cmTC_12594.build/DerivedSources/x86_64 -I/Users/Yuyang/Documents/programing/hpcEnv/mpi_cpp_examples/build/CMakeFiles/CMakeTmp/CMAKE_TRY_COMPILE.build/Debug/cmTC_12594.build/DerivedSources -Wmost -Wno-four-char-constants -Wno-unknown-pragmas -F/Users/Yuyang/Documents/programing/hpcEnv/mpi_cpp_examples/build/CMakeFiles/CMakeTmp/Debug -MMD -MT dependencies -MF /Users/Yuyang/Documents/programing/hpcEnv/mpi_cpp_examples/build/CMakeFiles/CMakeTmp/CMAKE_TRY_COMPILE.build/Debug/cmTC_12594.build/Objects-normal/x86_64/CMakeCCompilerABI.d --serialize-diagnostics /Users/Yuyang/Documents/programing/hpcEnv/mpi_cpp_examples/build/CMakeFiles/CMakeTmp/CMAKE_TRY_COMPILE.build/Debug/cmTC_12594.build/Objects-normal/x86_64/CMakeCCompilerABI.dia -c /usr/local/Cellar/cmake/3.12.0/share/cmake/Modules/CMakeCCompilerABI.c -o /Users/Yuyang/Documents/programing/hpcEnv/mpi_cpp_examples/build/CMakeFiles/CMakeTmp/CMAKE_TRY_COMPILE.build/Debug/cmTC_12594.build/Objects-normal/x86_64/CMakeCCompilerABI.o]
  ignore line: []
  ignore line: [Ld Debug/cmTC_12594 normal x86_64]
  ignore line: [    cd /Users/Yuyang/Documents/programing/hpcEnv/mpi_cpp_examples/build/CMakeFiles/CMakeTmp]
  ignore line: [    export MACOSX_DEPLOYMENT_TARGET=10.13]
  ignore line: [    /usr/local/bin/clang-omp -arch x86_64 -isysroot /Applications/Xcode.app/Contents/Developer/Platforms/MacOSX.platform/Developer/SDKs/MacOSX10.14.sdk -L/Users/Yuyang/Documents/programing/hpcEnv/mpi_cpp_examples/build/CMakeFiles/CMakeTmp/Debug -F/Users/Yuyang/Documents/programing/hpcEnv/mpi_cpp_examples/build/CMakeFiles/CMakeTmp/Debug -filelist /Users/Yuyang/Documents/programing/hpcEnv/mpi_cpp_examples/build/CMakeFiles/CMakeTmp/CMAKE_TRY_COMPILE.build/Debug/cmTC_12594.build/Objects-normal/x86_64/cmTC_12594.LinkFileList -mmacosx-version-min=10.13 -Xlinker -object_path_lto -Xlinker /Users/Yuyang/Documents/programing/hpcEnv/mpi_cpp_examples/build/CMakeFiles/CMakeTmp/CMAKE_TRY_COMPILE.build/Debug/cmTC_12594.build/Objects-normal/x86_64/cmTC_12594_lto.o -Xlinker -no_deduplicate -v -Wl,-v -Wl,-search_paths_first -Wl,-headerpad_max_install_names -Xlinker -dependency_info -Xlinker /Users/Yuyang/Documents/programing/hpcEnv/mpi_cpp_examples/build/CMakeFiles/CMakeTmp/CMAKE_TRY_COMPILE.build/Debug/cmTC_12594.build/Objects-normal/x86_64/cmTC_12594_dependency_info.dat -o /Users/Yuyang/Documents/programing/hpcEnv/mpi_cpp_examples/build/CMakeFiles/CMakeTmp/Debug/cmTC_12594]
  ignore line: [clang version 6.0.1 (tags/RELEASE_601/final)]
  ignore line: [Target: x86_64-apple-darwin17.7.0]
  ignore line: [Thread model: posix]
  ignore line: [InstalledDir: /usr/local/bin]
  reduced line: [ "/Applications/Xcode.app/Contents/Developer/Toolchains/XcodeDefault.xctoolchain/usr/bin/ld" -demangle -lto_library /usr/local/Cellar/llvm/6.0.1/lib/libLTO.dylib -dynamic -arch x86_64 -macosx_version_min 10.13.0 -syslibroot /Applications/Xcode.app/Contents/Developer/Platforms/MacOSX.platform/Developer/SDKs/MacOSX10.14.sdk -o /Users/Yuyang/Documents/programing/hpcEnv/mpi_cpp_examples/build/CMakeFiles/CMakeTmp/Debug/cmTC_12594 -L/Users/Yuyang/Documents/programing/hpcEnv/mpi_cpp_examples/build/CMakeFiles/CMakeTmp/Debug -filelist /Users/Yuyang/Documents/programing/hpcEnv/mpi_cpp_examples/build/CMakeFiles/CMakeTmp/CMAKE_TRY_COMPILE.build/Debug/cmTC_12594.build/Objects-normal/x86_64/cmTC_12594.LinkFileList -object_path_lto /Users/Yuyang/Documents/programing/hpcEnv/mpi_cpp_examples/build/CMakeFiles/CMakeTmp/CMAKE_TRY_COMPILE.build/Debug/cmTC_12594.build/Objects-normal/x86_64/cmTC_12594_lto.o -no_deduplicate -v -search_paths_first -headerpad_max_install_names -dependency_info /Users/Yuyang/Documents/programing/hpcEnv/mpi_cpp_examples/build/CMakeFiles/CMakeTmp/CMAKE_TRY_COMPILE.build/Debug/cmTC_12594.build/Objects-normal/x86_64/cmTC_12594_dependency_info.dat -lSystem /usr/local/Cellar/llvm/6.0.1/lib/clang/6.0.1/lib/darwin/libclang_rt.osx.a -F/Users/Yuyang/Documents/programing/hpcEnv/mpi_cpp_examples/build/CMakeFiles/CMakeTmp/Debug]
            to: [ "/Applications/Xcode.app/Contents/Developer/Toolchains/XcodeDefault.xctoolchain/usr/bin/ld" -demangle -lto_library /usr/local/Cellar/llvm/6.0.1/lib/libLTO.dylib -dynamic -arch x86_64 -macosx_version_min 10.13.0 -syslibroot /Applications/Xcode.app/Contents/Developer/Platforms/MacOSX.platform/Developer/SDKs/MacOSX10.14.sdk -o /Users/Yuyang/Documents/programing/hpcEnv/mpi_cpp_examples/build/CMakeFiles/CMakeTmp/Debug/cmTC_12594 -filelist /Users/Yuyang/Documents/programing/hpcEnv/mpi_cpp_examples/build/CMakeFiles/CMakeTmp/CMAKE_TRY_COMPILE.build/Debug/cmTC_12594.build/Objects-normal/x86_64/cmTC_12594.LinkFileList -object_path_lto /Users/Yuyang/Documents/programing/hpcEnv/mpi_cpp_examples/build/CMakeFiles/CMakeTmp/CMAKE_TRY_COMPILE.build/Debug/cmTC_12594.build/Objects-normal/x86_64/cmTC_12594_lto.o -no_deduplicate -v -search_paths_first -headerpad_max_install_names -dependency_info /Users/Yuyang/Documents/programing/hpcEnv/mpi_cpp_examples/build/CMakeFiles/CMakeTmp/CMAKE_TRY_COMPILE.build/Debug/cmTC_12594.build/Objects-normal/x86_64/cmTC_12594_dependency_info.dat -lSystem /usr/local/Cellar/llvm/6.0.1/lib/clang/6.0.1/lib/darwin/libclang_rt.osx.a ]
  link line: [ "/Applications/Xcode.app/Contents/Developer/Toolchains/XcodeDefault.xctoolchain/usr/bin/ld" -demangle -lto_library /usr/local/Cellar/llvm/6.0.1/lib/libLTO.dylib -dynamic -arch x86_64 -macosx_version_min 10.13.0 -syslibroot /Applications/Xcode.app/Contents/Developer/Platforms/MacOSX.platform/Developer/SDKs/MacOSX10.14.sdk -o /Users/Yuyang/Documents/programing/hpcEnv/mpi_cpp_examples/build/CMakeFiles/CMakeTmp/Debug/cmTC_12594 -filelist /Users/Yuyang/Documents/programing/hpcEnv/mpi_cpp_examples/build/CMakeFiles/CMakeTmp/CMAKE_TRY_COMPILE.build/Debug/cmTC_12594.build/Objects-normal/x86_64/cmTC_12594.LinkFileList -object_path_lto /Users/Yuyang/Documents/programing/hpcEnv/mpi_cpp_examples/build/CMakeFiles/CMakeTmp/CMAKE_TRY_COMPILE.build/Debug/cmTC_12594.build/Objects-normal/x86_64/cmTC_12594_lto.o -no_deduplicate -v -search_paths_first -headerpad_max_install_names -dependency_info /Users/Yuyang/Documents/programing/hpcEnv/mpi_cpp_examples/build/CMakeFiles/CMakeTmp/CMAKE_TRY_COMPILE.build/Debug/cmTC_12594.build/Objects-normal/x86_64/cmTC_12594_dependency_info.dat -lSystem /usr/local/Cellar/llvm/6.0.1/lib/clang/6.0.1/lib/darwin/libclang_rt.osx.a ]
    arg [/Applications/Xcode.app/Contents/Developer/Toolchains/XcodeDefault.xctoolchain/usr/bin/ld] ==> ignore
    arg [-demangle] ==> ignore
    arg [-lto_library] ==> ignore, skip following value
    arg [/usr/local/Cellar/llvm/6.0.1/lib/libLTO.dylib] ==> skip value of -lto_library
    arg [-dynamic] ==> ignore
    arg [-arch] ==> ignore
    arg [x86_64] ==> ignore
    arg [-macosx_version_min] ==> ignore
    arg [10.13.0] ==> ignore
    arg [-syslibroot] ==> ignore
    arg [/Applications/Xcode.app/Contents/Developer/Platforms/MacOSX.platform/Developer/SDKs/MacOSX10.14.sdk] ==> ignore
    arg [-o] ==> ignore
    arg [/Users/Yuyang/Documents/programing/hpcEnv/mpi_cpp_examples/build/CMakeFiles/CMakeTmp/Debug/cmTC_12594] ==> ignore
    arg [-filelist] ==> ignore
    arg [/Users/Yuyang/Documents/programing/hpcEnv/mpi_cpp_examples/build/CMakeFiles/CMakeTmp/CMAKE_TRY_COMPILE.build/Debug/cmTC_12594.build/Objects-normal/x86_64/cmTC_12594.LinkFileList] ==> ignore
    arg [-object_path_lto] ==> ignore
    arg [/Users/Yuyang/Documents/programing/hpcEnv/mpi_cpp_examples/build/CMakeFiles/CMakeTmp/CMAKE_TRY_COMPILE.build/Debug/cmTC_12594.build/Objects-normal/x86_64/cmTC_12594_lto.o] ==> ignore
    arg [-no_deduplicate] ==> ignore
    arg [-v] ==> ignore
    arg [-search_paths_first] ==> ignore
    arg [-headerpad_max_install_names] ==> ignore
    arg [-dependency_info] ==> ignore
    arg [/Users/Yuyang/Documents/programing/hpcEnv/mpi_cpp_examples/build/CMakeFiles/CMakeTmp/CMAKE_TRY_COMPILE.build/Debug/cmTC_12594.build/Objects-normal/x86_64/cmTC_12594_dependency_info.dat] ==> ignore
    arg [-lSystem] ==> lib [System]
    arg [/usr/local/Cellar/llvm/6.0.1/lib/clang/6.0.1/lib/darwin/libclang_rt.osx.a] ==> lib [/usr/local/Cellar/llvm/6.0.1/lib/clang/6.0.1/lib/darwin/libclang_rt.osx.a]
  Library search paths: [;/Users/Yuyang/Documents/programing/hpcEnv/mpi_cpp_examples/build/CMakeFiles/CMakeTmp/Debug;/Applications/Xcode.app/Contents/Developer/Platforms/MacOSX.platform/Developer/SDKs/MacOSX10.14.sdk/usr/lib]
  Framework search paths: [;/Users/Yuyang/Documents/programing/hpcEnv/mpi_cpp_examples/build/CMakeFiles/CMakeTmp/Debug;/Applications/Xcode.app/Contents/Developer/Platforms/MacOSX.platform/Developer/SDKs/MacOSX10.14.sdk/System/Library/Frameworks/]
  remove lib [System]
  remove lib [/usr/local/Cellar/llvm/6.0.1/lib/clang/6.0.1/lib/darwin/libclang_rt.osx.a]
  collapse library dir [/Users/Yuyang/Documents/programing/hpcEnv/mpi_cpp_examples/build/CMakeFiles/CMakeTmp/Debug] ==> [/Users/Yuyang/Documents/programing/hpcEnv/mpi_cpp_examples/build/CMakeFiles/CMakeTmp/Debug], skipping non-system directory
  collapse library dir [/Applications/Xcode.app/Contents/Developer/Platforms/MacOSX.platform/Developer/SDKs/MacOSX10.14.sdk/usr/lib] ==> [/Applications/Xcode.app/Contents/Developer/Platforms/MacOSX.platform/Developer/SDKs/MacOSX10.14.sdk/usr/lib]
  collapse framework dir [/Users/Yuyang/Documents/programing/hpcEnv/mpi_cpp_examples/build/CMakeFiles/CMakeTmp/Debug] ==> [/Users/Yuyang/Documents/programing/hpcEnv/mpi_cpp_examples/build/CMakeFiles/CMakeTmp/Debug], skipping non-system directory
  collapse framework dir [/Applications/Xcode.app/Contents/Developer/Platforms/MacOSX.platform/Developer/SDKs/MacOSX10.14.sdk/System/Library/Frameworks/] ==> [/Applications/Xcode.app/Contents/Developer/Platforms/MacOSX.platform/Developer/SDKs/MacOSX10.14.sdk/System/Library/Frameworks]
  implicit libs: []
  implicit dirs: [/Applications/Xcode.app/Contents/Developer/Platforms/MacOSX.platform/Developer/SDKs/MacOSX10.14.sdk/usr/lib]
  implicit fwks: [/Applications/Xcode.app/Contents/Developer/Platforms/MacOSX.platform/Developer/SDKs/MacOSX10.14.sdk/System/Library/Frameworks]


Determining if the CXX compiler works passed with the following output:
Change Dir: /Users/Yuyang/Documents/programing/hpcEnv/mpi_cpp_examples/build/CMakeFiles/CMakeTmp

Run Build Command:"/usr/bin/xcodebuild" "-project" "CMAKE_TRY_COMPILE.xcodeproj" "build" "-target" "cmTC_22ad6" "-configuration" "Debug"
Prepare build
note: Using legacy build system

=== BUILD TARGET cmTC_22ad6 OF PROJECT CMAKE_TRY_COMPILE WITH CONFIGURATION Debug ===

Check dependencies

Write auxiliary files
/bin/mkdir -p /Users/Yuyang/Documents/programing/hpcEnv/mpi_cpp_examples/build/CMakeFiles/CMakeTmp/CMAKE_TRY_COMPILE.build/Debug/cmTC_22ad6.build/Objects-normal/x86_64
write-file /Users/Yuyang/Documents/programing/hpcEnv/mpi_cpp_examples/build/CMakeFiles/CMakeTmp/CMAKE_TRY_COMPILE.build/Debug/cmTC_22ad6.build/Objects-normal/x86_64/cmTC_22ad6.LinkFileList

CompileC CMAKE_TRY_COMPILE.build/Debug/cmTC_22ad6.build/Objects-normal/x86_64/testCXXCompiler.o testCXXCompiler.cxx normal x86_64 c++ com.apple.compilers.llvm.clang.1_0.compiler
    cd /Users/Yuyang/Documents/programing/hpcEnv/mpi_cpp_examples/build/CMakeFiles/CMakeTmp
    export LANG=en_US.US-ASCII
    /usr/local/bin/clang-omp -x c++ -arch x86_64 -fmessage-length=0 -fdiagnostics-show-note-include-stack -fmacro-backtrace-limit=0 -Wno-trigraphs -fpascal-strings -O0 -Wno-missing-field-initializers -Wno-missing-prototypes -Wno-return-type -Wno-non-virtual-dtor -Wno-overloaded-virtual -Wno-exit-time-destructors -Wno-missing-braces -Wparentheses -Wswitch -Wno-unused-function -Wno-unused-label -Wno-unused-parameter -Wno-unused-variable -Wunused-value -Wno-empty-body -Wno-uninitialized -Wno-unknown-pragmas -Wno-shadow -Wno-four-char-constants -Wno-conversion -Wno-constant-conversion -Wno-int-conversion -Wno-bool-conversion -Wno-enum-conversion -Wno-float-conversion -Wno-non-literal-null-conversion -Wno-objc-literal-conversion -Wno-shorten-64-to-32 -Wno-newline-eof -Wno-c++11-extensions -DCMAKE_INTDIR=\"Debug\" -isysroot /Applications/Xcode.app/Contents/Developer/Platforms/MacOSX.platform/Developer/SDKs/MacOSX10.14.sdk -fasm-blocks -fstrict-aliasing -Wdeprecated-declarations -Winvalid-offsetof -mmacosx-version-min=10.13 -g -Wno-sign-conversion -Wno-infinite-recursion -Wno-move -Wno-comma -Wno-block-capture-autoreleasing -Wno-strict-prototypes -Wno-range-loop-analysis -Wno-semicolon-before-method-body -I/Users/Yuyang/Documents/programing/hpcEnv/mpi_cpp_examples/build/CMakeFiles/CMakeTmp/Debug/include -I/Users/Yuyang/Documents/programing/hpcEnv/mpi_cpp_examples/build/CMakeFiles/CMakeTmp/CMAKE_TRY_COMPILE.build/Debug/cmTC_22ad6.build/DerivedSources/x86_64 -I/Users/Yuyang/Documents/programing/hpcEnv/mpi_cpp_examples/build/CMakeFiles/CMakeTmp/CMAKE_TRY_COMPILE.build/Debug/cmTC_22ad6.build/DerivedSources -Wmost -Wno-four-char-constants -Wno-unknown-pragmas -F/Users/Yuyang/Documents/programing/hpcEnv/mpi_cpp_examples/build/CMakeFiles/CMakeTmp/Debug -MMD -MT dependencies -MF /Users/Yuyang/Documents/programing/hpcEnv/mpi_cpp_examples/build/CMakeFiles/CMakeTmp/CMAKE_TRY_COMPILE.build/Debug/cmTC_22ad6.build/Objects-normal/x86_64/testCXXCompiler.d --serialize-diagnostics /Users/Yuyang/Documents/programing/hpcEnv/mpi_cpp_examples/build/CMakeFiles/CMakeTmp/CMAKE_TRY_COMPILE.build/Debug/cmTC_22ad6.build/Objects-normal/x86_64/testCXXCompiler.dia -c /Users/Yuyang/Documents/programing/hpcEnv/mpi_cpp_examples/build/CMakeFiles/CMakeTmp/testCXXCompiler.cxx -o /Users/Yuyang/Documents/programing/hpcEnv/mpi_cpp_examples/build/CMakeFiles/CMakeTmp/CMAKE_TRY_COMPILE.build/Debug/cmTC_22ad6.build/Objects-normal/x86_64/testCXXCompiler.o

Ld Debug/cmTC_22ad6 normal x86_64
    cd /Users/Yuyang/Documents/programing/hpcEnv/mpi_cpp_examples/build/CMakeFiles/CMakeTmp
    export MACOSX_DEPLOYMENT_TARGET=10.13
    /Applications/Xcode.app/Contents/Developer/Toolchains/XcodeDefault.xctoolchain/usr/bin/clang++ -arch x86_64 -isysroot /Applications/Xcode.app/Contents/Developer/Platforms/MacOSX.platform/Developer/SDKs/MacOSX10.14.sdk -L/Users/Yuyang/Documents/programing/hpcEnv/mpi_cpp_examples/build/CMakeFiles/CMakeTmp/Debug -F/Users/Yuyang/Documents/programing/hpcEnv/mpi_cpp_examples/build/CMakeFiles/CMakeTmp/Debug -filelist /Users/Yuyang/Documents/programing/hpcEnv/mpi_cpp_examples/build/CMakeFiles/CMakeTmp/CMAKE_TRY_COMPILE.build/Debug/cmTC_22ad6.build/Objects-normal/x86_64/cmTC_22ad6.LinkFileList -mmacosx-version-min=10.13 -Xlinker -object_path_lto -Xlinker /Users/Yuyang/Documents/programing/hpcEnv/mpi_cpp_examples/build/CMakeFiles/CMakeTmp/CMAKE_TRY_COMPILE.build/Debug/cmTC_22ad6.build/Objects-normal/x86_64/cmTC_22ad6_lto.o -Xlinker -no_deduplicate -Wl,-search_paths_first -Wl,-headerpad_max_install_names -Xlinker -dependency_info -Xlinker /Users/Yuyang/Documents/programing/hpcEnv/mpi_cpp_examples/build/CMakeFiles/CMakeTmp/CMAKE_TRY_COMPILE.build/Debug/cmTC_22ad6.build/Objects-normal/x86_64/cmTC_22ad6_dependency_info.dat -o /Users/Yuyang/Documents/programing/hpcEnv/mpi_cpp_examples/build/CMakeFiles/CMakeTmp/Debug/cmTC_22ad6

** BUILD SUCCEEDED **



Detecting CXX compiler ABI info compiled with the following output:
Change Dir: /Users/Yuyang/Documents/programing/hpcEnv/mpi_cpp_examples/build/CMakeFiles/CMakeTmp

Run Build Command:"/usr/bin/xcodebuild" "-project" "CMAKE_TRY_COMPILE.xcodeproj" "build" "-target" "cmTC_921f1" "-configuration" "Debug"
Prepare build
note: Using legacy build system

=== BUILD TARGET cmTC_921f1 OF PROJECT CMAKE_TRY_COMPILE WITH CONFIGURATION Debug ===

Check dependencies

Write auxiliary files
/bin/mkdir -p /Users/Yuyang/Documents/programing/hpcEnv/mpi_cpp_examples/build/CMakeFiles/CMakeTmp/CMAKE_TRY_COMPILE.build/Debug/cmTC_921f1.build/Objects-normal/x86_64
write-file /Users/Yuyang/Documents/programing/hpcEnv/mpi_cpp_examples/build/CMakeFiles/CMakeTmp/CMAKE_TRY_COMPILE.build/Debug/cmTC_921f1.build/Objects-normal/x86_64/cmTC_921f1.LinkFileList

CompileC CMAKE_TRY_COMPILE.build/Debug/cmTC_921f1.build/Objects-normal/x86_64/CMakeCXXCompilerABI.o /usr/local/Cellar/cmake/3.12.0/share/cmake/Modules/CMakeCXXCompilerABI.cpp normal x86_64 c++ com.apple.compilers.llvm.clang.1_0.compiler
    cd /Users/Yuyang/Documents/programing/hpcEnv/mpi_cpp_examples/build/CMakeFiles/CMakeTmp
    export LANG=en_US.US-ASCII
    /usr/local/bin/clang-omp -x c++ -arch x86_64 -fmessage-length=0 -fdiagnostics-show-note-include-stack -fmacro-backtrace-limit=0 -Wno-trigraphs -fpascal-strings -O0 -Wno-missing-field-initializers -Wno-missing-prototypes -Wno-return-type -Wno-non-virtual-dtor -Wno-overloaded-virtual -Wno-exit-time-destructors -Wno-missing-braces -Wparentheses -Wswitch -Wno-unused-function -Wno-unused-label -Wno-unused-parameter -Wno-unused-variable -Wunused-value -Wno-empty-body -Wno-uninitialized -Wno-unknown-pragmas -Wno-shadow -Wno-four-char-constants -Wno-conversion -Wno-constant-conversion -Wno-int-conversion -Wno-bool-conversion -Wno-enum-conversion -Wno-float-conversion -Wno-non-literal-null-conversion -Wno-objc-literal-conversion -Wno-shorten-64-to-32 -Wno-newline-eof -Wno-c++11-extensions -DCMAKE_INTDIR=\"Debug\" -isysroot /Applications/Xcode.app/Contents/Developer/Platforms/MacOSX.platform/Developer/SDKs/MacOSX10.14.sdk -fasm-blocks -fstrict-aliasing -Wdeprecated-declarations -Winvalid-offsetof -mmacosx-version-min=10.13 -g -Wno-sign-conversion -Wno-infinite-recursion -Wno-move -Wno-comma -Wno-block-capture-autoreleasing -Wno-strict-prototypes -Wno-range-loop-analysis -Wno-semicolon-before-method-body -I/Users/Yuyang/Documents/programing/hpcEnv/mpi_cpp_examples/build/CMakeFiles/CMakeTmp/Debug/include -I/Users/Yuyang/Documents/programing/hpcEnv/mpi_cpp_examples/build/CMakeFiles/CMakeTmp/CMAKE_TRY_COMPILE.build/Debug/cmTC_921f1.build/DerivedSources/x86_64 -I/Users/Yuyang/Documents/programing/hpcEnv/mpi_cpp_examples/build/CMakeFiles/CMakeTmp/CMAKE_TRY_COMPILE.build/Debug/cmTC_921f1.build/DerivedSources -Wmost -Wno-four-char-constants -Wno-unknown-pragmas -F/Users/Yuyang/Documents/programing/hpcEnv/mpi_cpp_examples/build/CMakeFiles/CMakeTmp/Debug -MMD -MT dependencies -MF /Users/Yuyang/Documents/programing/hpcEnv/mpi_cpp_examples/build/CMakeFiles/CMakeTmp/CMAKE_TRY_COMPILE.build/Debug/cmTC_921f1.build/Objects-normal/x86_64/CMakeCXXCompilerABI.d --serialize-diagnostics /Users/Yuyang/Documents/programing/hpcEnv/mpi_cpp_examples/build/CMakeFiles/CMakeTmp/CMAKE_TRY_COMPILE.build/Debug/cmTC_921f1.build/Objects-normal/x86_64/CMakeCXXCompilerABI.dia -c /usr/local/Cellar/cmake/3.12.0/share/cmake/Modules/CMakeCXXCompilerABI.cpp -o /Users/Yuyang/Documents/programing/hpcEnv/mpi_cpp_examples/build/CMakeFiles/CMakeTmp/CMAKE_TRY_COMPILE.build/Debug/cmTC_921f1.build/Objects-normal/x86_64/CMakeCXXCompilerABI.o

Ld Debug/cmTC_921f1 normal x86_64
    cd /Users/Yuyang/Documents/programing/hpcEnv/mpi_cpp_examples/build/CMakeFiles/CMakeTmp
    export MACOSX_DEPLOYMENT_TARGET=10.13
    /Applications/Xcode.app/Contents/Developer/Toolchains/XcodeDefault.xctoolchain/usr/bin/clang++ -arch x86_64 -isysroot /Applications/Xcode.app/Contents/Developer/Platforms/MacOSX.platform/Developer/SDKs/MacOSX10.14.sdk -L/Users/Yuyang/Documents/programing/hpcEnv/mpi_cpp_examples/build/CMakeFiles/CMakeTmp/Debug -F/Users/Yuyang/Documents/programing/hpcEnv/mpi_cpp_examples/build/CMakeFiles/CMakeTmp/Debug -filelist /Users/Yuyang/Documents/programing/hpcEnv/mpi_cpp_examples/build/CMakeFiles/CMakeTmp/CMAKE_TRY_COMPILE.build/Debug/cmTC_921f1.build/Objects-normal/x86_64/cmTC_921f1.LinkFileList -mmacosx-version-min=10.13 -Xlinker -object_path_lto -Xlinker /Users/Yuyang/Documents/programing/hpcEnv/mpi_cpp_examples/build/CMakeFiles/CMakeTmp/CMAKE_TRY_COMPILE.build/Debug/cmTC_921f1.build/Objects-normal/x86_64/cmTC_921f1_lto.o -Xlinker -no_deduplicate -v -Wl,-v -Wl,-search_paths_first -Wl,-headerpad_max_install_names -Xlinker -dependency_info -Xlinker /Users/Yuyang/Documents/programing/hpcEnv/mpi_cpp_examples/build/CMakeFiles/CMakeTmp/CMAKE_TRY_COMPILE.build/Debug/cmTC_921f1.build/Objects-normal/x86_64/cmTC_921f1_dependency_info.dat -o /Users/Yuyang/Documents/programing/hpcEnv/mpi_cpp_examples/build/CMakeFiles/CMakeTmp/Debug/cmTC_921f1
Apple LLVM version 10.0.0 (clang-1000.11.45.2)
Target: x86_64-apple-darwin17.7.0
Thread model: posix
InstalledDir: /Applications/Xcode.app/Contents/Developer/Toolchains/XcodeDefault.xctoolchain/usr/bin
 "/Applications/Xcode.app/Contents/Developer/Toolchains/XcodeDefault.xctoolchain/usr/bin/ld" -demangle -lto_library /Applications/Xcode.app/Contents/Developer/Toolchains/XcodeDefault.xctoolchain/usr/lib/libLTO.dylib -dynamic -arch x86_64 -macosx_version_min 10.13.0 -syslibroot /Applications/Xcode.app/Contents/Developer/Platforms/MacOSX.platform/Developer/SDKs/MacOSX10.14.sdk -o /Users/Yuyang/Documents/programing/hpcEnv/mpi_cpp_examples/build/CMakeFiles/CMakeTmp/Debug/cmTC_921f1 -L/Users/Yuyang/Documents/programing/hpcEnv/mpi_cpp_examples/build/CMakeFiles/CMakeTmp/Debug -filelist /Users/Yuyang/Documents/programing/hpcEnv/mpi_cpp_examples/build/CMakeFiles/CMakeTmp/CMAKE_TRY_COMPILE.build/Debug/cmTC_921f1.build/Objects-normal/x86_64/cmTC_921f1.LinkFileList -object_path_lto /Users/Yuyang/Documents/programing/hpcEnv/mpi_cpp_examples/build/CMakeFiles/CMakeTmp/CMAKE_TRY_COMPILE.build/Debug/cmTC_921f1.build/Objects-normal/x86_64/cmTC_921f1_lto.o -no_deduplicate -v -search_paths_first -headerpad_max_install_names -dependency_info /Users/Yuyang/Documents/programing/hpcEnv/mpi_cpp_examples/build/CMakeFiles/CMakeTmp/CMAKE_TRY_COMPILE.build/Debug/cmTC_921f1.build/Objects-normal/x86_64/cmTC_921f1_dependency_info.dat -lc++ -lSystem /Applications/Xcode.app/Contents/Developer/Toolchains/XcodeDefault.xctoolchain/usr/lib/clang/10.0.0/lib/darwin/libclang_rt.osx.a -F/Users/Yuyang/Documents/programing/hpcEnv/mpi_cpp_examples/build/CMakeFiles/CMakeTmp/Debug
@(#)PROGRAM:ld  PROJECT:ld64-409.12
BUILD 02:04:28 Aug 14 2018
configured to support archs: armv6 armv7 armv7s arm64 i386 x86_64 x86_64h armv6m armv7k armv7m armv7em arm64e arm64_32
Library search paths:
	/Users/Yuyang/Documents/programing/hpcEnv/mpi_cpp_examples/build/CMakeFiles/CMakeTmp/Debug
	/Applications/Xcode.app/Contents/Developer/Platforms/MacOSX.platform/Developer/SDKs/MacOSX10.14.sdk/usr/lib
Framework search paths:
	/Users/Yuyang/Documents/programing/hpcEnv/mpi_cpp_examples/build/CMakeFiles/CMakeTmp/Debug
	/Applications/Xcode.app/Contents/Developer/Platforms/MacOSX.platform/Developer/SDKs/MacOSX10.14.sdk/System/Library/Frameworks/

** BUILD SUCCEEDED **



Parsed CXX implicit link information from above output:
  link line regex: [^( *|.*[/\])(ld|CMAKE_LINK_STARTFILE-NOTFOUND|([^/\]+-)?ld|collect2)[^/\]*( |$)]
  ignore line: [Change Dir: /Users/Yuyang/Documents/programing/hpcEnv/mpi_cpp_examples/build/CMakeFiles/CMakeTmp]
  ignore line: []
  ignore line: [Run Build Command:"/usr/bin/xcodebuild" "-project" "CMAKE_TRY_COMPILE.xcodeproj" "build" "-target" "cmTC_921f1" "-configuration" "Debug"]
  ignore line: [Prepare build]
  ignore line: [note: Using legacy build system]
  ignore line: []
  ignore line: [=== BUILD TARGET cmTC_921f1 OF PROJECT CMAKE_TRY_COMPILE WITH CONFIGURATION Debug ===]
  ignore line: []
  ignore line: [Check dependencies]
  ignore line: []
  ignore line: [Write auxiliary files]
  ignore line: [/bin/mkdir -p /Users/Yuyang/Documents/programing/hpcEnv/mpi_cpp_examples/build/CMakeFiles/CMakeTmp/CMAKE_TRY_COMPILE.build/Debug/cmTC_921f1.build/Objects-normal/x86_64]
  ignore line: [write-file /Users/Yuyang/Documents/programing/hpcEnv/mpi_cpp_examples/build/CMakeFiles/CMakeTmp/CMAKE_TRY_COMPILE.build/Debug/cmTC_921f1.build/Objects-normal/x86_64/cmTC_921f1.LinkFileList]
  ignore line: []
  ignore line: [CompileC CMAKE_TRY_COMPILE.build/Debug/cmTC_921f1.build/Objects-normal/x86_64/CMakeCXXCompilerABI.o /usr/local/Cellar/cmake/3.12.0/share/cmake/Modules/CMakeCXXCompilerABI.cpp normal x86_64 c++ com.apple.compilers.llvm.clang.1_0.compiler]
  ignore line: [    cd /Users/Yuyang/Documents/programing/hpcEnv/mpi_cpp_examples/build/CMakeFiles/CMakeTmp]
  ignore line: [    export LANG=en_US.US-ASCII]
  ignore line: [    /usr/local/bin/clang-omp -x c++ -arch x86_64 -fmessage-length=0 -fdiagnostics-show-note-include-stack -fmacro-backtrace-limit=0 -Wno-trigraphs -fpascal-strings -O0 -Wno-missing-field-initializers -Wno-missing-prototypes -Wno-return-type -Wno-non-virtual-dtor -Wno-overloaded-virtual -Wno-exit-time-destructors -Wno-missing-braces -Wparentheses -Wswitch -Wno-unused-function -Wno-unused-label -Wno-unused-parameter -Wno-unused-variable -Wunused-value -Wno-empty-body -Wno-uninitialized -Wno-unknown-pragmas -Wno-shadow -Wno-four-char-constants -Wno-conversion -Wno-constant-conversion -Wno-int-conversion -Wno-bool-conversion -Wno-enum-conversion -Wno-float-conversion -Wno-non-literal-null-conversion -Wno-objc-literal-conversion -Wno-shorten-64-to-32 -Wno-newline-eof -Wno-c++11-extensions -DCMAKE_INTDIR=\"Debug\" -isysroot /Applications/Xcode.app/Contents/Developer/Platforms/MacOSX.platform/Developer/SDKs/MacOSX10.14.sdk -fasm-blocks -fstrict-aliasing -Wdeprecated-declarations -Winvalid-offsetof -mmacosx-version-min=10.13 -g -Wno-sign-conversion -Wno-infinite-recursion -Wno-move -Wno-comma -Wno-block-capture-autoreleasing -Wno-strict-prototypes -Wno-range-loop-analysis -Wno-semicolon-before-method-body -I/Users/Yuyang/Documents/programing/hpcEnv/mpi_cpp_examples/build/CMakeFiles/CMakeTmp/Debug/include -I/Users/Yuyang/Documents/programing/hpcEnv/mpi_cpp_examples/build/CMakeFiles/CMakeTmp/CMAKE_TRY_COMPILE.build/Debug/cmTC_921f1.build/DerivedSources/x86_64 -I/Users/Yuyang/Documents/programing/hpcEnv/mpi_cpp_examples/build/CMakeFiles/CMakeTmp/CMAKE_TRY_COMPILE.build/Debug/cmTC_921f1.build/DerivedSources -Wmost -Wno-four-char-constants -Wno-unknown-pragmas -F/Users/Yuyang/Documents/programing/hpcEnv/mpi_cpp_examples/build/CMakeFiles/CMakeTmp/Debug -MMD -MT dependencies -MF /Users/Yuyang/Documents/programing/hpcEnv/mpi_cpp_examples/build/CMakeFiles/CMakeTmp/CMAKE_TRY_COMPILE.build/Debug/cmTC_921f1.build/Objects-normal/x86_64/CMakeCXXCompilerABI.d --serialize-diagnostics /Users/Yuyang/Documents/programing/hpcEnv/mpi_cpp_examples/build/CMakeFiles/CMakeTmp/CMAKE_TRY_COMPILE.build/Debug/cmTC_921f1.build/Objects-normal/x86_64/CMakeCXXCompilerABI.dia -c /usr/local/Cellar/cmake/3.12.0/share/cmake/Modules/CMakeCXXCompilerABI.cpp -o /Users/Yuyang/Documents/programing/hpcEnv/mpi_cpp_examples/build/CMakeFiles/CMakeTmp/CMAKE_TRY_COMPILE.build/Debug/cmTC_921f1.build/Objects-normal/x86_64/CMakeCXXCompilerABI.o]
  ignore line: []
  ignore line: [Ld Debug/cmTC_921f1 normal x86_64]
  ignore line: [    cd /Users/Yuyang/Documents/programing/hpcEnv/mpi_cpp_examples/build/CMakeFiles/CMakeTmp]
  ignore line: [    export MACOSX_DEPLOYMENT_TARGET=10.13]
  ignore line: [    /Applications/Xcode.app/Contents/Developer/Toolchains/XcodeDefault.xctoolchain/usr/bin/clang++ -arch x86_64 -isysroot /Applications/Xcode.app/Contents/Developer/Platforms/MacOSX.platform/Developer/SDKs/MacOSX10.14.sdk -L/Users/Yuyang/Documents/programing/hpcEnv/mpi_cpp_examples/build/CMakeFiles/CMakeTmp/Debug -F/Users/Yuyang/Documents/programing/hpcEnv/mpi_cpp_examples/build/CMakeFiles/CMakeTmp/Debug -filelist /Users/Yuyang/Documents/programing/hpcEnv/mpi_cpp_examples/build/CMakeFiles/CMakeTmp/CMAKE_TRY_COMPILE.build/Debug/cmTC_921f1.build/Objects-normal/x86_64/cmTC_921f1.LinkFileList -mmacosx-version-min=10.13 -Xlinker -object_path_lto -Xlinker /Users/Yuyang/Documents/programing/hpcEnv/mpi_cpp_examples/build/CMakeFiles/CMakeTmp/CMAKE_TRY_COMPILE.build/Debug/cmTC_921f1.build/Objects-normal/x86_64/cmTC_921f1_lto.o -Xlinker -no_deduplicate -v -Wl,-v -Wl,-search_paths_first -Wl,-headerpad_max_install_names -Xlinker -dependency_info -Xlinker /Users/Yuyang/Documents/programing/hpcEnv/mpi_cpp_examples/build/CMakeFiles/CMakeTmp/CMAKE_TRY_COMPILE.build/Debug/cmTC_921f1.build/Objects-normal/x86_64/cmTC_921f1_dependency_info.dat -o /Users/Yuyang/Documents/programing/hpcEnv/mpi_cpp_examples/build/CMakeFiles/CMakeTmp/Debug/cmTC_921f1]
  ignore line: [Apple LLVM version 10.0.0 (clang-1000.11.45.2)]
  ignore line: [Target: x86_64-apple-darwin17.7.0]
  ignore line: [Thread model: posix]
  ignore line: [InstalledDir: /Applications/Xcode.app/Contents/Developer/Toolchains/XcodeDefault.xctoolchain/usr/bin]
  reduced line: [ "/Applications/Xcode.app/Contents/Developer/Toolchains/XcodeDefault.xctoolchain/usr/bin/ld" -demangle -lto_library /Applications/Xcode.app/Contents/Developer/Toolchains/XcodeDefault.xctoolchain/usr/lib/libLTO.dylib -dynamic -arch x86_64 -macosx_version_min 10.13.0 -syslibroot /Applications/Xcode.app/Contents/Developer/Platforms/MacOSX.platform/Developer/SDKs/MacOSX10.14.sdk -o /Users/Yuyang/Documents/programing/hpcEnv/mpi_cpp_examples/build/CMakeFiles/CMakeTmp/Debug/cmTC_921f1 -L/Users/Yuyang/Documents/programing/hpcEnv/mpi_cpp_examples/build/CMakeFiles/CMakeTmp/Debug -filelist /Users/Yuyang/Documents/programing/hpcEnv/mpi_cpp_examples/build/CMakeFiles/CMakeTmp/CMAKE_TRY_COMPILE.build/Debug/cmTC_921f1.build/Objects-normal/x86_64/cmTC_921f1.LinkFileList -object_path_lto /Users/Yuyang/Documents/programing/hpcEnv/mpi_cpp_examples/build/CMakeFiles/CMakeTmp/CMAKE_TRY_COMPILE.build/Debug/cmTC_921f1.build/Objects-normal/x86_64/cmTC_921f1_lto.o -no_deduplicate -v -search_paths_first -headerpad_max_install_names -dependency_info /Users/Yuyang/Documents/programing/hpcEnv/mpi_cpp_examples/build/CMakeFiles/CMakeTmp/CMAKE_TRY_COMPILE.build/Debug/cmTC_921f1.build/Objects-normal/x86_64/cmTC_921f1_dependency_info.dat -lc++ -lSystem /Applications/Xcode.app/Contents/Developer/Toolchains/XcodeDefault.xctoolchain/usr/lib/clang/10.0.0/lib/darwin/libclang_rt.osx.a -F/Users/Yuyang/Documents/programing/hpcEnv/mpi_cpp_examples/build/CMakeFiles/CMakeTmp/Debug]
            to: [ "/Applications/Xcode.app/Contents/Developer/Toolchains/XcodeDefault.xctoolchain/usr/bin/ld" -demangle -lto_library /Applications/Xcode.app/Contents/Developer/Toolchains/XcodeDefault.xctoolchain/usr/lib/libLTO.dylib -dynamic -arch x86_64 -macosx_version_min 10.13.0 -syslibroot /Applications/Xcode.app/Contents/Developer/Platforms/MacOSX.platform/Developer/SDKs/MacOSX10.14.sdk -o /Users/Yuyang/Documents/programing/hpcEnv/mpi_cpp_examples/build/CMakeFiles/CMakeTmp/Debug/cmTC_921f1 -filelist /Users/Yuyang/Documents/programing/hpcEnv/mpi_cpp_examples/build/CMakeFiles/CMakeTmp/CMAKE_TRY_COMPILE.build/Debug/cmTC_921f1.build/Objects-normal/x86_64/cmTC_921f1.LinkFileList -object_path_lto /Users/Yuyang/Documents/programing/hpcEnv/mpi_cpp_examples/build/CMakeFiles/CMakeTmp/CMAKE_TRY_COMPILE.build/Debug/cmTC_921f1.build/Objects-normal/x86_64/cmTC_921f1_lto.o -no_deduplicate -v -search_paths_first -headerpad_max_install_names -dependency_info /Users/Yuyang/Documents/programing/hpcEnv/mpi_cpp_examples/build/CMakeFiles/CMakeTmp/CMAKE_TRY_COMPILE.build/Debug/cmTC_921f1.build/Objects-normal/x86_64/cmTC_921f1_dependency_info.dat -lc++ -lSystem /Applications/Xcode.app/Contents/Developer/Toolchains/XcodeDefault.xctoolchain/usr/lib/clang/10.0.0/lib/darwin/libclang_rt.osx.a ]
  link line: [ "/Applications/Xcode.app/Contents/Developer/Toolchains/XcodeDefault.xctoolchain/usr/bin/ld" -demangle -lto_library /Applications/Xcode.app/Contents/Developer/Toolchains/XcodeDefault.xctoolchain/usr/lib/libLTO.dylib -dynamic -arch x86_64 -macosx_version_min 10.13.0 -syslibroot /Applications/Xcode.app/Contents/Developer/Platforms/MacOSX.platform/Developer/SDKs/MacOSX10.14.sdk -o /Users/Yuyang/Documents/programing/hpcEnv/mpi_cpp_examples/build/CMakeFiles/CMakeTmp/Debug/cmTC_921f1 -filelist /Users/Yuyang/Documents/programing/hpcEnv/mpi_cpp_examples/build/CMakeFiles/CMakeTmp/CMAKE_TRY_COMPILE.build/Debug/cmTC_921f1.build/Objects-normal/x86_64/cmTC_921f1.LinkFileList -object_path_lto /Users/Yuyang/Documents/programing/hpcEnv/mpi_cpp_examples/build/CMakeFiles/CMakeTmp/CMAKE_TRY_COMPILE.build/Debug/cmTC_921f1.build/Objects-normal/x86_64/cmTC_921f1_lto.o -no_deduplicate -v -search_paths_first -headerpad_max_install_names -dependency_info /Users/Yuyang/Documents/programing/hpcEnv/mpi_cpp_examples/build/CMakeFiles/CMakeTmp/CMAKE_TRY_COMPILE.build/Debug/cmTC_921f1.build/Objects-normal/x86_64/cmTC_921f1_dependency_info.dat -lc++ -lSystem /Applications/Xcode.app/Contents/Developer/Toolchains/XcodeDefault.xctoolchain/usr/lib/clang/10.0.0/lib/darwin/libclang_rt.osx.a ]
    arg [/Applications/Xcode.app/Contents/Developer/Toolchains/XcodeDefault.xctoolchain/usr/bin/ld] ==> ignore
    arg [-demangle] ==> ignore
    arg [-lto_library] ==> ignore, skip following value
    arg [/Applications/Xcode.app/Contents/Developer/Toolchains/XcodeDefault.xctoolchain/usr/lib/libLTO.dylib] ==> skip value of -lto_library
    arg [-dynamic] ==> ignore
    arg [-arch] ==> ignore
    arg [x86_64] ==> ignore
    arg [-macosx_version_min] ==> ignore
    arg [10.13.0] ==> ignore
    arg [-syslibroot] ==> ignore
    arg [/Applications/Xcode.app/Contents/Developer/Platforms/MacOSX.platform/Developer/SDKs/MacOSX10.14.sdk] ==> ignore
    arg [-o] ==> ignore
    arg [/Users/Yuyang/Documents/programing/hpcEnv/mpi_cpp_examples/build/CMakeFiles/CMakeTmp/Debug/cmTC_921f1] ==> ignore
    arg [-filelist] ==> ignore
    arg [/Users/Yuyang/Documents/programing/hpcEnv/mpi_cpp_examples/build/CMakeFiles/CMakeTmp/CMAKE_TRY_COMPILE.build/Debug/cmTC_921f1.build/Objects-normal/x86_64/cmTC_921f1.LinkFileList] ==> ignore
    arg [-object_path_lto] ==> ignore
    arg [/Users/Yuyang/Documents/programing/hpcEnv/mpi_cpp_examples/build/CMakeFiles/CMakeTmp/CMAKE_TRY_COMPILE.build/Debug/cmTC_921f1.build/Objects-normal/x86_64/cmTC_921f1_lto.o] ==> ignore
    arg [-no_deduplicate] ==> ignore
    arg [-v] ==> ignore
    arg [-search_paths_first] ==> ignore
    arg [-headerpad_max_install_names] ==> ignore
    arg [-dependency_info] ==> ignore
    arg [/Users/Yuyang/Documents/programing/hpcEnv/mpi_cpp_examples/build/CMakeFiles/CMakeTmp/CMAKE_TRY_COMPILE.build/Debug/cmTC_921f1.build/Objects-normal/x86_64/cmTC_921f1_dependency_info.dat] ==> ignore
    arg [-lc++] ==> lib [c++]
    arg [-lSystem] ==> lib [System]
    arg [/Applications/Xcode.app/Contents/Developer/Toolchains/XcodeDefault.xctoolchain/usr/lib/clang/10.0.0/lib/darwin/libclang_rt.osx.a] ==> lib [/Applications/Xcode.app/Contents/Developer/Toolchains/XcodeDefault.xctoolchain/usr/lib/clang/10.0.0/lib/darwin/libclang_rt.osx.a]
  Library search paths: [;/Users/Yuyang/Documents/programing/hpcEnv/mpi_cpp_examples/build/CMakeFiles/CMakeTmp/Debug;/Applications/Xcode.app/Contents/Developer/Platforms/MacOSX.platform/Developer/SDKs/MacOSX10.14.sdk/usr/lib]
  Framework search paths: [;/Users/Yuyang/Documents/programing/hpcEnv/mpi_cpp_examples/build/CMakeFiles/CMakeTmp/Debug;/Applications/Xcode.app/Contents/Developer/Platforms/MacOSX.platform/Developer/SDKs/MacOSX10.14.sdk/System/Library/Frameworks/]
  remove lib [System]
  remove lib [/Applications/Xcode.app/Contents/Developer/Toolchains/XcodeDefault.xctoolchain/usr/lib/clang/10.0.0/lib/darwin/libclang_rt.osx.a]
  collapse library dir [/Users/Yuyang/Documents/programing/hpcEnv/mpi_cpp_examples/build/CMakeFiles/CMakeTmp/Debug] ==> [/Users/Yuyang/Documents/programing/hpcEnv/mpi_cpp_examples/build/CMakeFiles/CMakeTmp/Debug], skipping non-system directory
  collapse library dir [/Applications/Xcode.app/Contents/Developer/Platforms/MacOSX.platform/Developer/SDKs/MacOSX10.14.sdk/usr/lib] ==> [/Applications/Xcode.app/Contents/Developer/Platforms/MacOSX.platform/Developer/SDKs/MacOSX10.14.sdk/usr/lib]
  collapse framework dir [/Users/Yuyang/Documents/programing/hpcEnv/mpi_cpp_examples/build/CMakeFiles/CMakeTmp/Debug] ==> [/Users/Yuyang/Documents/programing/hpcEnv/mpi_cpp_examples/build/CMakeFiles/CMakeTmp/Debug], skipping non-system directory
  collapse framework dir [/Applications/Xcode.app/Contents/Developer/Platforms/MacOSX.platform/Developer/SDKs/MacOSX10.14.sdk/System/Library/Frameworks/] ==> [/Applications/Xcode.app/Contents/Developer/Platforms/MacOSX.platform/Developer/SDKs/MacOSX10.14.sdk/System/Library/Frameworks]
  implicit libs: [c++]
  implicit dirs: [/Applications/Xcode.app/Contents/Developer/Platforms/MacOSX.platform/Developer/SDKs/MacOSX10.14.sdk/usr/lib]
  implicit fwks: [/Applications/Xcode.app/Contents/Developer/Platforms/MacOSX.platform/Developer/SDKs/MacOSX10.14.sdk/System/Library/Frameworks]


